{"logTime": "1222/061106", "correlationVector":"w445JavJT8GQyYH89C9uhn.1","action":"SyncServerConnectionManagerRequest", "result":"SYNC_SERVER_OK", "context":{"environment":"Prod_WestEurope_000l", "migrationStage":"NotStarted", "server":"GENERAL0100000M"}}
{"logTime": "1222/061108", "correlationVector":"ih2zmGSfLbsJRGFuQQDLRu","action":"SyncServerConnectionManagerRequest", "result":"SYNC_SERVER_OK", "context":{"environment":"", "migrationStage":"", "server":""}}
{"logTime": "1222/061108", "correlationVector":"w445JavJT8GQyYH89C9uhn","action":"Initial GetUpdates", "result":"", "context":Reason: NEW_CLIENT. cV=w445JavJT8GQyYH89C9uhn}
{"logTime": "1222/061108", "correlationVector":"w445JavJT8GQyYH89C9uhn.2","action":"GetUpdates Response", "result":"Success", "context":Received 1 update(s). cV=w445JavJT8GQyYH89C9uhn.0;server=GENERAL0100000M;cloudType=Consumer;environment=Prod_WestEurope_000l;migrationStage=NotStarted}
{"logTime": "1222/061108", "correlationVector":"5/YkCn5PARhgvzqlhxo/qW","action":"Initial GetUpdates", "result":"", "context":Reason: NEWLY_SUPPORTED_DATATYPE. cV=5/YkCn5PARhgvzqlhxo/qW}
{"logTime": "1222/061108", "correlationVector":"5/YkCn5PARhgvzqlhxo/qW.1","action":"SyncServerConnectionManagerRequest", "result":"SYNC_SERVER_OK", "context":{"environment":"Prod_WestEurope_000l", "migrationStage":"NotStarted", "server":"GENERAL01000009"}}
{"logTime": "1222/061108", "correlationVector":"5/YkCn5PARhgvzqlhxo/qW.2","action":"GetUpdates Response", "result":"Success", "context":Received 96 update(s). cV=5/YkCn5PARhgvzqlhxo/qW.0;server=GENERAL01000009;cloudType=Consumer;environment=Prod_WestEurope_000l;migrationStage=NotStarted}
{"logTime": "1222/061109", "correlationVector":"wBtp12Nn2D0G99HU++PKWG","action":"Initial GetUpdates", "result":"", "context":Reason: NEWLY_SUPPORTED_DATATYPE. cV=wBtp12Nn2D0G99HU++PKWG}
{"logTime": "1222/061109", "correlationVector":"wBtp12Nn2D0G99HU++PKWG.1","action":"SyncServerConnectionManagerRequest", "result":"SYNC_SERVER_OK", "context":{"environment":"Prod_WestEurope_000l", "migrationStage":"NotStarted", "server":"GENERAL01000015"}}
{"logTime": "1222/061109", "correlationVector":"wBtp12Nn2D0G99HU++PKWG.2","action":"GetUpdates Response", "result":"Success", "context":Received 6 update(s). cV=wBtp12Nn2D0G99HU++PKWG.0;server=GENERAL01000015;cloudType=Consumer;environment=Prod_WestEurope_000l;migrationStage=NotStarted}
{"logTime": "1222/061109", "correlationVector":"z+3Oh7r2Y+SdAbRT0+tFi2","action":"Initial GetUpdates", "result":"", "context":Reason: NEWLY_SUPPORTED_DATATYPE. cV=z+3Oh7r2Y+SdAbRT0+tFi2}
{"logTime": "1222/061109", "correlationVector":"z+3Oh7r2Y+SdAbRT0+tFi2.1","action":"SyncServerConnectionManagerRequest", "result":"SYNC_SERVER_OK", "context":{"environment":"Prod_WestEurope_000l", "migrationStage":"NotStarted", "server":"GENERAL01000015"}}
{"logTime": "1222/061109", "correlationVector":"z+3Oh7r2Y+SdAbRT0+tFi2.2","action":"GetUpdates", "result":"DeleteReceived", "context":{"id":"e6afb756-5d63-4572-9c43-e30fe9223d0b", "isDeleted:":"true", "version":"1728037187393"}}
{"logTime": "1222/061109", "correlationVector":"z+3Oh7r2Y+SdAbRT0+tFi2.3","action":"GetUpdates", "result":"DeleteReceived", "context":{"id":"e087b42a-a4f9-45d3-a19e-7d6e228df2c4", "isDeleted:":"true", "version":"1727957852815"}}
{"logTime": "1222/061109", "correlationVector":"z+3Oh7r2Y+SdAbRT0+tFi2.4","action":"GetUpdates", "result":"DeleteReceived", "context":{"id":"4e055b21-64bf-4f69-8cd5-5c3b3853aabc", "isDeleted:":"true", "version":"1727957852818"}}
{"logTime": "1222/061109", "correlationVector":"z+3Oh7r2Y+SdAbRT0+tFi2.5","action":"GetUpdates", "result":"DeleteReceived", "context":{"id":"152d2b51-239d-4548-b0af-7cfa5f82157b", "isDeleted:":"true", "version":"1727967567815"}}
{"logTime": "1222/061109", "correlationVector":"z+3Oh7r2Y+SdAbRT0+tFi2.6","action":"GetUpdates", "result":"DeleteReceived", "context":{"id":"878171ac-8ef0-4df2-bafe-ae358a5f8f8e", "isDeleted:":"true", "version":"1727967733764"}}
{"logTime": "1222/061109", "correlationVector":"z+3Oh7r2Y+SdAbRT0+tFi2.7","action":"GetUpdates", "result":"DeleteReceived", "context":{"id":"cec3409e-489f-4534-a679-b129b3c5e429", "isDeleted:":"true", "version":"1728037185977"}}
{"logTime": "1222/061109", "correlationVector":"z+3Oh7r2Y+SdAbRT0+tFi2.8","action":"GetUpdates", "result":"DeleteReceived", "context":{"id":"ba04ec11-4491-43df-b305-6749d3f7ee64", "isDeleted:":"true", "version":"1728479221187"}}
{"logTime": "1222/061109", "correlationVector":"z+3Oh7r2Y+SdAbRT0+tFi2.9","action":"GetUpdates", "result":"DeleteReceived", "context":{"id":"b52efb0f-66a7-42fb-abe0-592b9e180901", "isDeleted:":"true", "version":"1728479221190"}}
{"logTime": "1222/061109", "correlationVector":"z+3Oh7r2Y+SdAbRT0+tFi2.10","action":"GetUpdates", "result":"DeleteReceived", "context":{"id":"b8366770-11c3-4076-9253-47e232499dc1", "isDeleted:":"true", "version":"1728479221191"}}
{"logTime": "1222/061109", "correlationVector":"z+3Oh7r2Y+SdAbRT0+tFi2.11","action":"GetUpdates", "result":"DeleteReceived", "context":{"id":"8d109b4c-2bf8-4551-96f5-a27972ae2c27", "isDeleted:":"true", "version":"1728479226020"}}
{"logTime": "1222/061109", "correlationVector":"z+3Oh7r2Y+SdAbRT0+tFi2.12","action":"GetUpdates", "result":"DeleteReceived", "context":{"id":"42713ea1-b6ca-4216-bc60-22a83187238c", "isDeleted:":"true", "version":"1728479416643"}}
{"logTime": "1222/061109", "correlationVector":"z+3Oh7r2Y+SdAbRT0+tFi2.13","action":"GetUpdates", "result":"DeleteReceived", "context":{"id":"c16df226-074c-4c96-bb18-2a6ea2ce6328", "isDeleted:":"true", "version":"1728479416645"}}
{"logTime": "1222/061109", "correlationVector":"z+3Oh7r2Y+SdAbRT0+tFi2.14","action":"GetUpdates", "result":"DeleteReceived", "context":{"id":"6003ab50-4607-4536-a861-2f91dab3060c", "isDeleted:":"true", "version":"1728479416646"}}
{"logTime": "1222/061109", "correlationVector":"z+3Oh7r2Y+SdAbRT0+tFi2.15","action":"GetUpdates", "result":"DeleteReceived", "context":{"id":"760ef2ef-67d2-441a-83f8-22338050c6f2", "isDeleted:":"true", "version":"1728479809299"}}
{"logTime": "1222/061109", "correlationVector":"z+3Oh7r2Y+SdAbRT0+tFi2.16","action":"GetUpdates", "result":"DeleteReceived", "context":{"id":"a9815a7c-5c5d-4313-966d-ffaaf53b7f7f", "isDeleted:":"true", "version":"1728479935616"}}
{"logTime": "1222/061109", "correlationVector":"z+3Oh7r2Y+SdAbRT0+tFi2.17","action":"GetUpdates", "result":"DeleteReceived", "context":{"id":"0fba0cee-bfdd-452d-a7b6-8108b866eb74", "isDeleted:":"true", "version":"1728480132224"}}
{"logTime": "1222/061109", "correlationVector":"z+3Oh7r2Y+SdAbRT0+tFi2.18","action":"GetUpdates", "result":"DeleteReceived", "context":{"id":"ee8ff1da-c519-4542-82dc-10c9bf2cccc8", "isDeleted:":"true", "version":"1728480370342"}}
{"logTime": "1222/061109", "correlationVector":"z+3Oh7r2Y+SdAbRT0+tFi2.19","action":"GetUpdates", "result":"DeleteReceived", "context":{"id":"9fb015c2-cdcd-43bc-a55c-a96213925233", "isDeleted:":"true", "version":"1728487853811"}}
{"logTime": "1222/061109", "correlationVector":"z+3Oh7r2Y+SdAbRT0+tFi2.20","action":"GetUpdates", "result":"DeleteReceived", "context":{"id":"98a550a0-84a5-4b5d-9017-4f4d552e8778", "isDeleted:":"true", "version":"1728495523978"}}
{"logTime": "1222/061109", "correlationVector":"z+3Oh7r2Y+SdAbRT0+tFi2.21","action":"GetUpdates", "result":"DeleteReceived", "context":{"id":"1452b2a6-60f2-49bf-a037-db361dbde9f3", "isDeleted:":"true", "version":"1728525334239"}}
{"logTime": "1222/061109", "correlationVector":"z+3Oh7r2Y+SdAbRT0+tFi2.22","action":"GetUpdates", "result":"DeleteReceived", "context":{"id":"79ad584a-0248-48d6-b007-4ba9b240511e", "isDeleted:":"true", "version":"1728529243703"}}
{"logTime": "1222/061109", "correlationVector":"z+3Oh7r2Y+SdAbRT0+tFi2.23","action":"GetUpdates", "result":"DeleteReceived", "context":{"id":"94e0e7e1-380f-437d-8598-5a45670e216f", "isDeleted:":"true", "version":"1728530811021"}}
{"logTime": "1222/061109", "correlationVector":"z+3Oh7r2Y+SdAbRT0+tFi2.24","action":"GetUpdates", "result":"DeleteReceived", "context":{"id":"24efad4d-7478-4b2e-abd3-56aacdbb2937", "isDeleted:":"true", "version":"1728750380314"}}
{"logTime": "1222/061109", "correlationVector":"z+3Oh7r2Y+SdAbRT0+tFi2.25","action":"GetUpdates", "result":"DeleteReceived", "context":{"id":"ca35058d-3227-470d-8972-e3a9d278d91c", "isDeleted:":"true", "version":"1728750380315"}}
{"logTime": "1222/061109", "correlationVector":"z+3Oh7r2Y+SdAbRT0+tFi2.26","action":"GetUpdates", "result":"DeleteReceived", "context":{"id":"9750976f-5ac9-4737-ba06-e266eb0a2a68", "isDeleted:":"true", "version":"1728750380316"}}
{"logTime": "1222/061109", "correlationVector":"z+3Oh7r2Y+SdAbRT0+tFi2.27","action":"GetUpdates", "result":"DeleteReceived", "context":{"id":"5fd13019-481e-4f11-ae36-f0e1bc12b97c", "isDeleted:":"true", "version":"1728750380318"}}
{"logTime": "1222/061109", "correlationVector":"z+3Oh7r2Y+SdAbRT0+tFi2.28","action":"GetUpdates", "result":"DeleteReceived", "context":{"id":"0c92a2ed-40f7-42ef-b513-c4800fddfa93", "isDeleted:":"true", "version":"1728750380319"}}
{"logTime": "1222/061109", "correlationVector":"z+3Oh7r2Y+SdAbRT0+tFi2.29","action":"GetUpdates", "result":"DeleteReceived", "context":{"id":"14252017-078e-44aa-a9f2-3668f42fb253", "isDeleted:":"true", "version":"1728750380320"}}
{"logTime": "1222/061109", "correlationVector":"z+3Oh7r2Y+SdAbRT0+tFi2.30","action":"GetUpdates", "result":"DeleteReceived", "context":{"id":"15f429a6-595f-49ff-9c2b-18cac75f33d8", "isDeleted:":"true", "version":"1728750380321"}}
{"logTime": "1222/061109", "correlationVector":"z+3Oh7r2Y+SdAbRT0+tFi2.31","action":"GetUpdates", "result":"DeleteReceived", "context":{"id":"bc87eb2e-e1a1-4902-bdcc-cf6d504a0b6c", "isDeleted:":"true", "version":"1728750545127"}}
{"logTime": "1222/061109", "correlationVector":"z+3Oh7r2Y+SdAbRT0+tFi2.32","action":"GetUpdates", "result":"DeleteReceived", "context":{"id":"e6421787-5d2c-47eb-8007-9d1f56d37392", "isDeleted:":"true", "version":"1728750578467"}}
{"logTime": "1222/061109", "correlationVector":"z+3Oh7r2Y+SdAbRT0+tFi2.33","action":"GetUpdates", "result":"DeleteReceived", "context":{"id":"25f3276d-6cbb-4dff-85c8-588c6399db36", "isDeleted:":"true", "version":"1728928223069"}}
{"logTime": "1222/061109", "correlationVector":"z+3Oh7r2Y+SdAbRT0+tFi2.34","action":"GetUpdates", "result":"DeleteReceived", "context":{"id":"1542d36b-0ae4-490e-87c0-545dbfd6f71f", "isDeleted:":"true", "version":"1728931175165"}}
{"logTime": "1222/061109", "correlationVector":"z+3Oh7r2Y+SdAbRT0+tFi2.35","action":"GetUpdates", "result":"DeleteReceived", "context":{"id":"5fc019d6-1b3a-41d3-8c80-2a6f8e05b274", "isDeleted:":"true", "version":"1729172609619"}}
{"logTime": "1222/061109", "correlationVector":"z+3Oh7r2Y+SdAbRT0+tFi2.36","action":"GetUpdates", "result":"DeleteReceived", "context":{"id":"f5424153-1788-4e61-976c-4bb2cfbda09c", "isDeleted:":"true", "version":"1729735944803"}}
{"logTime": "1222/061109", "correlationVector":"z+3Oh7r2Y+SdAbRT0+tFi2.37","action":"GetUpdates", "result":"DeleteReceived", "context":{"id":"d57acb8e-1862-49df-92e3-3ad5964e1f40", "isDeleted:":"true", "version":"1729846028988"}}
{"logTime": "1222/061109", "correlationVector":"z+3Oh7r2Y+SdAbRT0+tFi2.38","action":"GetUpdates", "result":"DeleteReceived", "context":{"id":"684a8116-6fd2-41cd-90cc-ac7e70c6d7b5", "isDeleted:":"true", "version":"1730166523610"}}
{"logTime": "1222/061109", "correlationVector":"z+3Oh7r2Y+SdAbRT0+tFi2.39","action":"GetUpdates", "result":"DeleteReceived", "context":{"id":"5c951eeb-7c07-4585-9c11-500b699a73b3", "isDeleted:":"true", "version":"1730231198888"}}
{"logTime": "1222/061109", "correlationVector":"z+3Oh7r2Y+SdAbRT0+tFi2.40","action":"GetUpdates", "result":"DeleteReceived", "context":{"id":"135129d8-391a-4f00-b997-4dcfda87afee", "isDeleted:":"true", "version":"1730355190853"}}
{"logTime": "1222/061109", "correlationVector":"z+3Oh7r2Y+SdAbRT0+tFi2.41","action":"GetUpdates", "result":"DeleteReceived", "context":{"id":"9650d3ce-8c48-497a-a345-9e3ed6cecc76", "isDeleted:":"true", "version":"1730355244277"}}
{"logTime": "1222/061109", "correlationVector":"z+3Oh7r2Y+SdAbRT0+tFi2.42","action":"GetUpdates", "result":"DeleteReceived", "context":{"id":"a3cc9d71-714b-4522-a6b4-0d16915eaf24", "isDeleted:":"true", "version":"1730360855383"}}
{"logTime": "1222/061109", "correlationVector":"z+3Oh7r2Y+SdAbRT0+tFi2.43","action":"GetUpdates", "result":"DeleteReceived", "context":{"id":"5a55f03b-a838-4d3a-b0ad-36e8137fb0c7", "isDeleted:":"true", "version":"1730529997728"}}
{"logTime": "1222/061109", "correlationVector":"z+3Oh7r2Y+SdAbRT0+tFi2.44","action":"GetUpdates", "result":"DeleteReceived", "context":{"id":"6836b5c6-a072-42fd-95b7-74a90e9b8a87", "isDeleted:":"true", "version":"1730530097132"}}
{"logTime": "1222/061109", "correlationVector":"z+3Oh7r2Y+SdAbRT0+tFi2.45","action":"GetUpdates", "result":"DeleteReceived", "context":{"id":"cd854e8c-127a-48a9-ae52-3f9612dd1171", "isDeleted:":"true", "version":"1731131130029"}}
{"logTime": "1222/061109", "correlationVector":"z+3Oh7r2Y+SdAbRT0+tFi2.46","action":"GetUpdates", "result":"DeleteReceived", "context":{"id":"885acb02-c6aa-4f86-9746-af491b333227", "isDeleted:":"true", "version":"1731131130031"}}
{"logTime": "1222/061109", "correlationVector":"z+3Oh7r2Y+SdAbRT0+tFi2.47","action":"GetUpdates", "result":"DeleteReceived", "context":{"id":"7863b7dc-c3a8-4f2d-8600-431c46533fe6", "isDeleted:":"true", "version":"1731131130032"}}
{"logTime": "1222/061109", "correlationVector":"z+3Oh7r2Y+SdAbRT0+tFi2.48","action":"GetUpdates", "result":"DeleteReceived", "context":{"id":"281108ea-8b58-47ee-b3c3-8b0b92f26ace", "isDeleted:":"true", "version":"1731131130033"}}
{"logTime": "1222/061109", "correlationVector":"z+3Oh7r2Y+SdAbRT0+tFi2.49","action":"GetUpdates", "result":"DeleteReceived", "context":{"id":"046f6924-cce0-4555-84cc-038738081f31", "isDeleted:":"true", "version":"1731131130034"}}
{"logTime": "1222/061109", "correlationVector":"z+3Oh7r2Y+SdAbRT0+tFi2.50","action":"GetUpdates", "result":"DeleteReceived", "context":{"id":"cc951489-8569-4bfe-ba14-eea055639a74", "isDeleted:":"true", "version":"1731131130035"}}
{"logTime": "1222/061109", "correlationVector":"z+3Oh7r2Y+SdAbRT0+tFi2.51","action":"GetUpdates", "result":"DeleteReceived", "context":{"id":"ee9eea49-3678-49ee-910e-8e524130a4a6", "isDeleted:":"true", "version":"1731131130036"}}
{"logTime": "1222/061109", "correlationVector":"z+3Oh7r2Y+SdAbRT0+tFi2.52","action":"GetUpdates", "result":"DeleteReceived", "context":{"id":"02e96d1d-3645-4c5f-81aa-25748e2190cf", "isDeleted:":"true", "version":"1731131130037"}}
{"logTime": "1222/061109", "correlationVector":"z+3Oh7r2Y+SdAbRT0+tFi2.53","action":"GetUpdates", "result":"DeleteReceived", "context":{"id":"da06903d-8bef-45ae-bd4d-dfe954db5d68", "isDeleted:":"true", "version":"1731131130038"}}
{"logTime": "1222/061109", "correlationVector":"z+3Oh7r2Y+SdAbRT0+tFi2.54","action":"GetUpdates", "result":"DeleteReceived", "context":{"id":"ded91454-96c8-4f86-af15-1bba19e3baef", "isDeleted:":"true", "version":"1731131130039"}}
{"logTime": "1222/061109", "correlationVector":"z+3Oh7r2Y+SdAbRT0+tFi2.55","action":"GetUpdates", "result":"DeleteReceived", "context":{"id":"3a96a0f5-d5e0-4411-a483-84ecee7c660f", "isDeleted:":"true", "version":"1731131130041"}}
{"logTime": "1222/061109", "correlationVector":"z+3Oh7r2Y+SdAbRT0+tFi2.56","action":"GetUpdates", "result":"DeleteReceived", "context":{"id":"750d5bf7-c5a7-481a-83e5-53a134218cb3", "isDeleted:":"true", "version":"1731133158691"}}
{"logTime": "1222/061109", "correlationVector":"z+3Oh7r2Y+SdAbRT0+tFi2.57","action":"GetUpdates", "result":"DeleteReceived", "context":{"id":"d2e00d1e-8360-4211-b3e7-c64bd856c249", "isDeleted:":"true", "version":"1731135467805"}}
{"logTime": "1222/061109", "correlationVector":"z+3Oh7r2Y+SdAbRT0+tFi2.58","action":"GetUpdates", "result":"DeleteReceived", "context":{"id":"cee3ddae-92b3-442e-b901-cf97e075334e", "isDeleted:":"true", "version":"1731490617745"}}
{"logTime": "1222/061109", "correlationVector":"z+3Oh7r2Y+SdAbRT0+tFi2.59","action":"GetUpdates", "result":"DeleteReceived", "context":{"id":"91692a88-8063-4bda-a2a0-b950ee5a3418", "isDeleted:":"true", "version":"1731490617748"}}
{"logTime": "1222/061109", "correlationVector":"z+3Oh7r2Y+SdAbRT0+tFi2.60","action":"GetUpdates", "result":"DeleteReceived", "context":{"id":"fe917f7c-8aa6-465c-b576-21f597761414", "isDeleted:":"true", "version":"1731490622012"}}
{"logTime": "1222/061109", "correlationVector":"z+3Oh7r2Y+SdAbRT0+tFi2.61","action":"GetUpdates", "result":"DeleteReceived", "context":{"id":"16ad4358-9935-4771-abc1-1d3d5b26536a", "isDeleted:":"true", "version":"1731660880816"}}
{"logTime": "1222/061109", "correlationVector":"z+3Oh7r2Y+SdAbRT0+tFi2.62","action":"GetUpdates", "result":"DeleteReceived", "context":{"id":"4665f5b6-e387-4ace-a5be-00775fe96511", "isDeleted:":"true", "version":"1731661099344"}}
{"logTime": "1222/061109", "correlationVector":"z+3Oh7r2Y+SdAbRT0+tFi2.63","action":"GetUpdates", "result":"DeleteReceived", "context":{"id":"8480c756-67f4-48d9-afa8-836a2d9d8b6b", "isDeleted:":"true", "version":"1731694497308"}}
{"logTime": "1222/061109", "correlationVector":"z+3Oh7r2Y+SdAbRT0+tFi2.64","action":"GetUpdates", "result":"DeleteReceived", "context":{"id":"b15e001a-26f1-4e55-843d-ccfc9ee42e28", "isDeleted:":"true", "version":"1731695242030"}}
{"logTime": "1222/061109", "correlationVector":"z+3Oh7r2Y+SdAbRT0+tFi2.65","action":"GetUpdates", "result":"DeleteReceived", "context":{"id":"a6aac297-6a55-41de-97d7-b339d1803a59", "isDeleted:":"true", "version":"1731695661990"}}
{"logTime": "1222/061109", "correlationVector":"z+3Oh7r2Y+SdAbRT0+tFi2.66","action":"GetUpdates", "result":"DeleteReceived", "context":{"id":"4f01b66e-d8e3-4fcb-a517-85aed5d02517", "isDeleted:":"true", "version":"1731696677272"}}
{"logTime": "1222/061109", "correlationVector":"z+3Oh7r2Y+SdAbRT0+tFi2.67","action":"GetUpdates", "result":"DeleteReceived", "context":{"id":"504919c1-c76e-4841-b289-1688c0b5dd3b", "isDeleted:":"true", "version":"1731696904484"}}
{"logTime": "1222/061109", "correlationVector":"z+3Oh7r2Y+SdAbRT0+tFi2.68","action":"GetUpdates", "result":"DeleteReceived", "context":{"id":"958f89d3-694c-4100-9da8-995b5d16ae37", "isDeleted:":"true", "version":"1731737247881"}}
{"logTime": "1222/061109", "correlationVector":"z+3Oh7r2Y+SdAbRT0+tFi2.69","action":"GetUpdates", "result":"DeleteReceived", "context":{"id":"a5f8b696-74c7-4d05-a748-4a9385c694cf", "isDeleted:":"true", "version":"1732279164490"}}
{"logTime": "1222/061109", "correlationVector":"z+3Oh7r2Y+SdAbRT0+tFi2.70","action":"GetUpdates", "result":"DeleteReceived", "context":{"id":"723fbb30-efad-47b9-867a-2463c1b6c986", "isDeleted:":"true", "version":"1732279256778"}}
{"logTime": "1222/061109", "correlationVector":"z+3Oh7r2Y+SdAbRT0+tFi2.71","action":"GetUpdates", "result":"DeleteReceived", "context":{"id":"44bb46a9-080d-4bc3-b558-858f260639ee", "isDeleted:":"true", "version":"1732280844907"}}
{"logTime": "1222/061109", "correlationVector":"z+3Oh7r2Y+SdAbRT0+tFi2.72","action":"GetUpdates", "result":"DeleteReceived", "context":{"id":"58cb5b0d-ae56-459c-98e4-0b846cae735c", "isDeleted:":"true", "version":"1732361923360"}}
{"logTime": "1222/061109", "correlationVector":"z+3Oh7r2Y+SdAbRT0+tFi2.73","action":"GetUpdates", "result":"DeleteReceived", "context":{"id":"cde5b33a-7ca2-4548-a0e1-f4b793fe0c0c", "isDeleted:":"true", "version":"1732361923362"}}
{"logTime": "1222/061109", "correlationVector":"z+3Oh7r2Y+SdAbRT0+tFi2.74","action":"GetUpdates", "result":"DeleteReceived", "context":{"id":"f8a2187f-f16d-43bf-9f95-a610fb23982e", "isDeleted:":"true", "version":"1732361923363"}}
{"logTime": "1222/061109", "correlationVector":"z+3Oh7r2Y+SdAbRT0+tFi2.75","action":"GetUpdates", "result":"DeleteReceived", "context":{"id":"2c21b333-0bfe-4943-9bca-25ce1557f0f7", "isDeleted:":"true", "version":"1732362197140"}}
{"logTime": "1222/061109", "correlationVector":"z+3Oh7r2Y+SdAbRT0+tFi2.76","action":"GetUpdates", "result":"DeleteReceived", "context":{"id":"57ff1d47-1c8a-4683-8e94-83afba446e81", "isDeleted:":"true", "version":"1732821415120"}}
{"logTime": "1222/061109", "correlationVector":"z+3Oh7r2Y+SdAbRT0+tFi2.77","action":"GetUpdates", "result":"DeleteReceived", "context":{"id":"5e11a8b4-b86c-4079-92d6-6163c62f6990", "isDeleted:":"true", "version":"1732824262148"}}
{"logTime": "1222/061109", "correlationVector":"z+3Oh7r2Y+SdAbRT0+tFi2.78","action":"GetUpdates", "result":"DeleteReceived", "context":{"id":"1aaa0d3a-b347-4ba4-8a36-27eaf7196607", "isDeleted:":"true", "version":"1733498023683"}}
{"logTime": "1222/061109", "correlationVector":"z+3Oh7r2Y+SdAbRT0+tFi2.79","action":"GetUpdates", "result":"DeleteReceived", "context":{"id":"2daf7d8c-353c-4827-a3b2-aaf1389723d0", "isDeleted:":"true", "version":"1733555874657"}}
{"logTime": "1222/061109", "correlationVector":"z+3Oh7r2Y+SdAbRT0+tFi2.80","action":"GetUpdates", "result":"DeleteReceived", "context":{"id":"88de159f-e03c-4c20-aa5a-44d18f55a285", "isDeleted:":"true", "version":"1733574224821"}}
{"logTime": "1222/061109", "correlationVector":"z+3Oh7r2Y+SdAbRT0+tFi2.81","action":"GetUpdates", "result":"DeleteReceived", "context":{"id":"80c9c3e0-99dc-4f1a-96ec-b2a67409049d", "isDeleted:":"true", "version":"1733574224822"}}
{"logTime": "1222/061109", "correlationVector":"z+3Oh7r2Y+SdAbRT0+tFi2.82","action":"GetUpdates", "result":"DeleteReceived", "context":{"id":"d9e5fa26-d6d4-45da-9738-21af6c5398cb", "isDeleted:":"true", "version":"1733575503427"}}
{"logTime": "1222/061109", "correlationVector":"z+3Oh7r2Y+SdAbRT0+tFi2.83","action":"GetUpdates", "result":"DeleteReceived", "context":{"id":"41b4ac6b-1983-41d6-a9cc-022a69ec176e", "isDeleted:":"true", "version":"1733661005841"}}
{"logTime": "1222/061109", "correlationVector":"z+3Oh7r2Y+SdAbRT0+tFi2.84","action":"GetUpdates", "result":"DeleteReceived", "context":{"id":"d493e2a5-43c0-4754-99ff-1300be4703fb", "isDeleted:":"true", "version":"1733661461851"}}
{"logTime": "1222/061109", "correlationVector":"z+3Oh7r2Y+SdAbRT0+tFi2.85","action":"GetUpdates", "result":"DeleteReceived", "context":{"id":"44363e5e-ec5d-48be-bc02-af00374137a4", "isDeleted:":"true", "version":"1733662261353"}}
{"logTime": "1222/061109", "correlationVector":"z+3Oh7r2Y+SdAbRT0+tFi2.86","action":"GetUpdates", "result":"DeleteReceived", "context":{"id":"fb3bd339-c8f0-4311-a454-735d78c5715a", "isDeleted:":"true", "version":"1733663822611"}}
{"logTime": "1222/061109", "correlationVector":"z+3Oh7r2Y+SdAbRT0+tFi2.87","action":"GetUpdates", "result":"DeleteReceived", "context":{"id":"23fa9a35-c46f-43aa-bc86-d5d59471f978", "isDeleted:":"true", "version":"1733667818004"}}
{"logTime": "1222/061109", "correlationVector":"z+3Oh7r2Y+SdAbRT0+tFi2.88","action":"GetUpdates", "result":"DeleteReceived", "context":{"id":"3570266d-cebe-4f06-9677-2e843263d416", "isDeleted:":"true", "version":"1733667818005"}}
{"logTime": "1222/061109", "correlationVector":"z+3Oh7r2Y+SdAbRT0+tFi2.89","action":"GetUpdates", "result":"DeleteReceived", "context":{"id":"a728bcad-1049-42ff-98a0-8db9834a1019", "isDeleted:":"true", "version":"1733691495034"}}
{"logTime": "1222/061109", "correlationVector":"z+3Oh7r2Y+SdAbRT0+tFi2.90","action":"GetUpdates", "result":"DeleteReceived", "context":{"id":"46752ea4-a76a-40cc-9ef4-94b6f4b7d970", "isDeleted:":"true", "version":"1733709510819"}}
{"logTime": "1222/061109", "correlationVector":"z+3Oh7r2Y+SdAbRT0+tFi2.91","action":"GetUpdates", "result":"DeleteReceived", "context":{"id":"9d4c1f40-e533-4d9e-bf7c-71e4466a180c", "isDeleted:":"true", "version":"1733709845812"}}
{"logTime": "1222/061109", "correlationVector":"z+3Oh7r2Y+SdAbRT0+tFi2.92","action":"GetUpdates", "result":"DeleteReceived", "context":{"id":"5d83ca80-0784-4fae-b2d5-e412739e9ee2", "isDeleted:":"true", "version":"1733710421639"}}
{"logTime": "1222/061109", "correlationVector":"z+3Oh7r2Y+SdAbRT0+tFi2.93","action":"GetUpdates", "result":"DeleteReceived", "context":{"id":"e7af2410-221d-4dbe-b1e9-71dd888ce42b", "isDeleted:":"true", "version":"1733713020463"}}
{"logTime": "1222/061109", "correlationVector":"z+3Oh7r2Y+SdAbRT0+tFi2.94","action":"GetUpdates", "result":"DeleteReceived", "context":{"id":"f3366022-4965-4163-8303-b62aca1d4150", "isDeleted:":"true", "version":"1733758659707"}}
{"logTime": "1222/061109", "correlationVector":"z+3Oh7r2Y+SdAbRT0+tFi2.95","action":"GetUpdates", "result":"DeleteReceived", "context":{"id":"740925a2-bc6a-492e-8df6-873a4bcaf7f4", "isDeleted:":"true", "version":"1733839978321"}}
{"logTime": "1222/061109", "correlationVector":"z+3Oh7r2Y+SdAbRT0+tFi2.96","action":"GetUpdates", "result":"DeleteReceived", "context":{"id":"4410edcc-0f3b-40eb-bde4-f6ebb3446b58", "isDeleted:":"true", "version":"1733840200102"}}
{"logTime": "1222/061109", "correlationVector":"z+3Oh7r2Y+SdAbRT0+tFi2.97","action":"GetUpdates", "result":"DeleteReceived", "context":{"id":"65aa3076-5079-4325-a112-6cc2a5da8315", "isDeleted:":"true", "version":"1733840382314"}}
{"logTime": "1222/061109", "correlationVector":"z+3Oh7r2Y+SdAbRT0+tFi2.98","action":"GetUpdates", "result":"DeleteReceived", "context":{"id":"4d68df83-ca95-49ea-9b3b-a257481f9b68", "isDeleted:":"true", "version":"1733841043487"}}
{"logTime": "1222/061109", "correlationVector":"z+3Oh7r2Y+SdAbRT0+tFi2.99","action":"GetUpdates", "result":"DeleteReceived", "context":{"id":"33fbeeba-5ca7-4111-a8a6-9e1fd30ee7cc", "isDeleted:":"true", "version":"1733841043489"}}
{"logTime": "1222/061109", "correlationVector":"z+3Oh7r2Y+SdAbRT0+tFi2.100","action":"GetUpdates", "result":"DeleteReceived", "context":{"id":"be207166-ee40-4145-b9be-195ff6da2a7f", "isDeleted:":"true", "version":"1733841043491"}}
{"logTime": "1222/061109", "correlationVector":"z+3Oh7r2Y+SdAbRT0+tFi2.101","action":"GetUpdates", "result":"DeleteReceived", "context":{"id":"130591ff-1329-4be4-a2c8-7fcc35d52056", "isDeleted:":"true", "version":"1734245121852"}}
{"logTime": "1222/061109", "correlationVector":"z+3Oh7r2Y+SdAbRT0+tFi2.102","action":"GetUpdates", "result":"DeleteReceived", "context":{"id":"643ad6fb-10e5-4330-b5df-e6f95273b538", "isDeleted:":"true", "version":"1734245121853"}}
{"logTime": "1222/061109", "correlationVector":"z+3Oh7r2Y+SdAbRT0+tFi2.103","action":"GetUpdates", "result":"DeleteReceived", "context":{"id":"a5d091b8-0bcf-4def-88da-174d55685873", "isDeleted:":"true", "version":"1734245121854"}}
{"logTime": "1222/061109", "correlationVector":"z+3Oh7r2Y+SdAbRT0+tFi2.104","action":"GetUpdates", "result":"DeleteReceived", "context":{"id":"63a550a7-84bf-484a-915a-50fc5fe9047e", "isDeleted:":"true", "version":"1734245121855"}}
{"logTime": "1222/061109", "correlationVector":"z+3Oh7r2Y+SdAbRT0+tFi2.105","action":"GetUpdates", "result":"DeleteReceived", "context":{"id":"31c19a68-4b3a-4d00-a7e9-342c757fc954", "isDeleted:":"true", "version":"1734245507948"}}
{"logTime": "1222/061109", "correlationVector":"z+3Oh7r2Y+SdAbRT0+tFi2.106","action":"GetUpdates", "result":"DeleteReceived", "context":{"id":"e6135071-705f-4349-8ce0-1797e2f6b08c", "isDeleted:":"true", "version":"1734257846246"}}
{"logTime": "1222/061109", "correlationVector":"z+3Oh7r2Y+SdAbRT0+tFi2.107","action":"GetUpdates", "result":"DeleteReceived", "context":{"id":"3dcd9d8f-0473-4605-a24f-c1a9ed236e10", "isDeleted:":"true", "version":"1734259173573"}}
{"logTime": "1222/061109", "correlationVector":"z+3Oh7r2Y+SdAbRT0+tFi2.108","action":"GetUpdates", "result":"DeleteReceived", "context":{"id":"66d53c8b-875e-4d75-b66f-154ad946893c", "isDeleted:":"true", "version":"1734261902327"}}
{"logTime": "1222/061109", "correlationVector":"z+3Oh7r2Y+SdAbRT0+tFi2.109","action":"GetUpdates", "result":"DeleteReceived", "context":{"id":"4db1e8fd-361c-4df6-9f94-3b153f1f1e19", "isDeleted:":"true", "version":"1734261902328"}}
{"logTime": "1222/061109", "correlationVector":"z+3Oh7r2Y+SdAbRT0+tFi2.110","action":"GetUpdates", "result":"DeleteReceived", "context":{"id":"10b457a5-77d8-4d72-81dc-ee060f584103", "isDeleted:":"true", "version":"1734261902329"}}
{"logTime": "1222/061109", "correlationVector":"z+3Oh7r2Y+SdAbRT0+tFi2.111","action":"GetUpdates", "result":"DeleteReceived", "context":{"id":"03c1d5ca-dc0b-40dc-bb92-0766f29b7bfb", "isDeleted:":"true", "version":"1734261902330"}}
{"logTime": "1222/061109", "correlationVector":"z+3Oh7r2Y+SdAbRT0+tFi2.112","action":"GetUpdates", "result":"DeleteReceived", "context":{"id":"9666e470-dfbb-4fe6-abe5-8f76068977a7", "isDeleted:":"true", "version":"1734261902332"}}
{"logTime": "1222/061109", "correlationVector":"z+3Oh7r2Y+SdAbRT0+tFi2.113","action":"GetUpdates", "result":"DeleteReceived", "context":{"id":"75b45d86-491d-403a-a7b4-12757d6d8fac", "isDeleted:":"true", "version":"1734261902333"}}
{"logTime": "1222/061109", "correlationVector":"z+3Oh7r2Y+SdAbRT0+tFi2.114","action":"GetUpdates", "result":"DeleteReceived", "context":{"id":"8c1010cf-15c3-4c8d-acfb-eb5ec5b57afe", "isDeleted:":"true", "version":"1734263253476"}}
{"logTime": "1222/061109", "correlationVector":"z+3Oh7r2Y+SdAbRT0+tFi2.115","action":"GetUpdates", "result":"DeleteReceived", "context":{"id":"ffd01632-93fc-48b6-b042-33f0a6087804", "isDeleted:":"true", "version":"1734340395670"}}
{"logTime": "1222/061109", "correlationVector":"z+3Oh7r2Y+SdAbRT0+tFi2.116","action":"GetUpdates", "result":"DeleteReceived", "context":{"id":"5f55d98e-e25b-4692-9a87-e137f43fee54", "isDeleted:":"true", "version":"1734340395671"}}
{"logTime": "1222/061109", "correlationVector":"z+3Oh7r2Y+SdAbRT0+tFi2.117","action":"GetUpdates", "result":"DeleteReceived", "context":{"id":"a65ce24b-be56-4519-9f3f-2d25a70988b7", "isDeleted:":"true", "version":"1734368898461"}}
{"logTime": "1222/061109", "correlationVector":"z+3Oh7r2Y+SdAbRT0+tFi2.118","action":"GetUpdates", "result":"DeleteReceived", "context":{"id":"6e36abd1-7682-4f37-81bc-7d8b61aaf3b7", "isDeleted:":"true", "version":"1732361923366"}}
{"logTime": "1222/061109", "correlationVector":"z+3Oh7r2Y+SdAbRT0+tFi2.119","action":"GetUpdates", "result":"DeleteReceived", "context":{"id":"7e50ee2b-8b99-45d8-a4b4-70b4706231c0", "isDeleted:":"true", "version":"1732361923367"}}
{"logTime": "1222/061109", "correlationVector":"z+3Oh7r2Y+SdAbRT0+tFi2.120","action":"GetUpdates", "result":"DeleteReceived", "context":{"id":"1c05c584-ea1e-4d38-9c93-393f7fee2185", "isDeleted:":"true", "version":"1732361923368"}}
{"logTime": "1222/061109", "correlationVector":"z+3Oh7r2Y+SdAbRT0+tFi2.121","action":"GetUpdates", "result":"DeleteReceived", "context":{"id":"cd2e5cfe-5980-49a9-ad60-8af0e431c866", "isDeleted:":"true", "version":"1732361923369"}}
{"logTime": "1222/061109", "correlationVector":"z+3Oh7r2Y+SdAbRT0+tFi2.122","action":"GetUpdates", "result":"DeleteReceived", "context":{"id":"22a3461f-fe11-48aa-b348-1fa085147beb", "isDeleted:":"true", "version":"1733839978323"}}
{"logTime": "1222/061109", "correlationVector":"z+3Oh7r2Y+SdAbRT0+tFi2.123","action":"GetUpdates", "result":"DeleteReceived", "context":{"id":"65de78b4-cc90-444f-957b-f56ceb081371", "isDeleted:":"true", "version":"1733839978324"}}
{"logTime": "1222/061109", "correlationVector":"z+3Oh7r2Y+SdAbRT0+tFi2.124","action":"GetUpdates", "result":"DeleteReceived", "context":{"id":"fa72705b-d1f0-4b4e-8b78-2a5f02b0d694", "isDeleted:":"true", "version":"1733839978325"}}
{"logTime": "1222/061109", "correlationVector":"z+3Oh7r2Y+SdAbRT0+tFi2.125","action":"GetUpdates", "result":"DeleteReceived", "context":{"id":"9d26338e-364f-4feb-9780-a3b7792c9767", "isDeleted:":"true", "version":"1733839978326"}}
{"logTime": "1222/061109", "correlationVector":"z+3Oh7r2Y+SdAbRT0+tFi2.126","action":"GetUpdates", "result":"DeleteReceived", "context":{"id":"3c9ff0e0-b2f6-4018-96d2-d69e6a99bea9", "isDeleted:":"true", "version":"1734245121857"}}
{"logTime": "1222/061109", "correlationVector":"z+3Oh7r2Y+SdAbRT0+tFi2.127","action":"GetUpdates", "result":"DeleteReceived", "context":{"id":"932372cb-ec23-45e0-97b7-74d3b1b19e23", "isDeleted:":"true", "version":"1734245121858"}}
{"logTime": "1222/061109", "correlationVector":"z+3Oh7r2Y+SdAbRT0+tFi2.128","action":"GetUpdates", "result":"DeleteReceived", "context":{"id":"ce336f08-a6ba-47f5-99d9-46b9018270ef", "isDeleted:":"true", "version":"1734245121859"}}
{"logTime": "1222/061109", "correlationVector":"z+3Oh7r2Y+SdAbRT0+tFi2.129","action":"GetUpdates", "result":"DeleteReceived", "context":{"id":"d7f7d75e-2f3f-4131-a176-c74f5de3728f", "isDeleted:":"true", "version":"1734245121860"}}
{"logTime": "1222/061109", "correlationVector":"z+3Oh7r2Y+SdAbRT0+tFi2.130","action":"GetUpdates", "result":"DeleteReceived", "context":{"id":"c35d5e03-e74a-4f83-9f71-2ce9c2d852a0", "isDeleted:":"true", "version":"1734245121861"}}
{"logTime": "1222/061109", "correlationVector":"z+3Oh7r2Y+SdAbRT0+tFi2.131","action":"GetUpdates", "result":"DeleteReceived", "context":{"id":"40245178-0efb-4aac-bf54-c4c3a7ae43a5", "isDeleted:":"true", "version":"1734245121862"}}
{"logTime": "1222/061109", "correlationVector":"z+3Oh7r2Y+SdAbRT0+tFi2.132","action":"GetUpdates", "result":"DeleteReceived", "context":{"id":"38905d86-acae-4df1-a612-5431841bb8fe", "isDeleted:":"true", "version":"1734245121863"}}
{"logTime": "1222/061109", "correlationVector":"z+3Oh7r2Y+SdAbRT0+tFi2.133","action":"GetUpdates", "result":"DeleteReceived", "context":{"id":"17a5a5e1-b16b-4a22-bb45-3545bce852b2", "isDeleted:":"true", "version":"1734245121864"}}
{"logTime": "1222/061109", "correlationVector":"z+3Oh7r2Y+SdAbRT0+tFi2.134","action":"GetUpdates", "result":"DeleteReceived", "context":{"id":"a2e3d7b9-a6ad-4d47-82f6-3b2507d03345", "isDeleted:":"true", "version":"1734245121865"}}
{"logTime": "1222/061109", "correlationVector":"z+3Oh7r2Y+SdAbRT0+tFi2.135","action":"GetUpdates", "result":"DeleteReceived", "context":{"id":"ea72f66d-a62f-4ac0-89b5-953331327c6e", "isDeleted:":"true", "version":"1734245121866"}}
{"logTime": "1222/061109", "correlationVector":"z+3Oh7r2Y+SdAbRT0+tFi2.136","action":"GetUpdates Response", "result":"Success", "context":Received 203 update(s). cV=z+3Oh7r2Y+SdAbRT0+tFi2.0;server=GENERAL01000015;cloudType=Consumer;environment=Prod_WestEurope_000l;migrationStage=NotStarted}
{"logTime": "1222/061109", "correlationVector":"SRzUjnlU269X38yRIp/895","action":"Normal GetUpdate request", "result":"", "context":cV=SRzUjnlU269X38yRIp/895
Nudged types: Sessions, Device Info, User Consents
Refresh requested types: Bookmarks, Preferences, Passwords, Autofill Profiles, Autofill, Typed URLs, Extensions, Sessions, Extension settings, History Delete Directives, Device Info, User Consents, Send Tab To Self, Web Apps, Collection, Edge E Drop, Edge Hub App Usage, Edge Tab Group, Edge Wallet, Encryption Keys}
{"logTime": "1222/061110", "correlationVector":"SRzUjnlU269X38yRIp/895.1","action":"SyncServerConnectionManagerRequest", "result":"SYNC_SERVER_OK", "context":{"environment":"Prod_WestEurope_000l", "migrationStage":"NotStarted", "server":"GENERAL0100000M"}}
{"logTime": "1222/061110", "correlationVector":"SRzUjnlU269X38yRIp/895.2","action":"GetUpdates Response", "result":"Success", "context":Received 0 update(s). cV=SRzUjnlU269X38yRIp/895.0;server=GENERAL0100000M;cloudType=Consumer;environment=Prod_WestEurope_000l;migrationStage=NotStarted}
{"logTime": "1222/061110", "correlationVector":"CfpUlL+UhfedilYW/w0qc5","action":"DoCompareDataConsistency requsted types: ", "result":"Bookmarks, Preferences, Passwords, Typed URLs, Extensions, Extension settings, History Delete Directives, Send Tab To Self, Web Apps, Collection, Edge E Drop, Edge Tab Group, Edge Wallet, Encryption Keys"}
{"logTime": "1222/061110", "correlationVector":"CfpUlL+UhfedilYW/w0qc5.0","action":"CompareDataConsistency result: ", "result":"Compare result: Encryption Keys is consistent. local entities count is: 1 local entities hash is: DkiFeqj4EwQLL9N3yuAYSARUAYo="}
{"logTime": "1222/061110", "correlationVector":"CfpUlL+UhfedilYW/w0qc5.1","action":"CompareDataConsistency result: ", "result":"Compare result: Bookmarks is consistent. local entities count is: 4 local entities hash is: eu1cX+Swmi2PosPfNMS9MivPlus="}
{"logTime": "1222/061110", "correlationVector":"CfpUlL+UhfedilYW/w0qc5.2","action":"CompareDataConsistency result: ", "result":"Compare result: Preferences is consistent. local entities count is: 75 local entities hash is: 2KyDdkrEDbYCbbF4PmSIa4GqOvM="}
{"logTime": "1222/061110", "correlationVector":"CfpUlL+UhfedilYW/w0qc5.3","action":"CompareDataConsistency result: ", "result":"Server did not send this Typed URLs local entities count is: 8 local entities hash is: s6rXQadddsLvjSZdUxRBEEe33kU="}
{"logTime": "1222/061110", "correlationVector":"CfpUlL+UhfedilYW/w0qc5.4","action":"CompareDataConsistency result: ", "result":"Compare result: Extensions is consistent. local entities count is: 2 local entities hash is: EKGCiNU/u8WbREjiCm7ucd9bur0="}
{"logTime": "1222/061110", "correlationVector":"CfpUlL+UhfedilYW/w0qc5.5","action":"CompareDataConsistency result: ", "result":"Compare result: Extension settings is consistent. local entities count is: 0 local entities hash is: "}
{"logTime": "1222/061110", "correlationVector":"CfpUlL+UhfedilYW/w0qc5.6","action":"CompareDataConsistency result: ", "result":"Compare result: History Delete Directives is consistent. local entities count is: 0 local entities hash is: "}
{"logTime": "1222/061110", "correlationVector":"CfpUlL+UhfedilYW/w0qc5.7","action":"CompareDataConsistency result: ", "result":"Server did not send this Send Tab To Self local entities count is: 0 local entities hash is: "}
{"logTime": "1222/061110", "correlationVector":"CfpUlL+UhfedilYW/w0qc5.8","action":"CompareDataConsistency result: ", "result":"Compare result: Web Apps is consistent. local entities count is: 0 local entities hash is: "}
{"logTime": "1222/061110", "correlationVector":"CfpUlL+UhfedilYW/w0qc5.9","action":"CompareDataConsistency result: ", "result":"Compare result: Collection is consistent. local entities count is: 0 local entities hash is: "}
{"logTime": "1222/061110", "correlationVector":"CfpUlL+UhfedilYW/w0qc5.10","action":"CompareDataConsistency result: ", "result":"Compare result: Edge E Drop is consistent. local entities count is: 0 local entities hash is: "}
{"logTime": "1222/061110", "correlationVector":"CfpUlL+UhfedilYW/w0qc5.11","action":"CompareDataConsistency result: ", "result":"Compare result: Edge Tab Group is consistent. local entities count is: 0 local entities hash is: "}
{"logTime": "1222/061110", "correlationVector":"CfpUlL+UhfedilYW/w0qc5.12","action":"CompareDataConsistency result: ", "result":"Compare result: Edge Wallet is consistent. local entities count is: 0 local entities hash is: "}
{"logTime": "1222/061110", "correlationVector":"CfpUlL+UhfedilYW/w0qc5.13","action":"CompareDataConsistency result: ", "result":"Compare result: Passwords is consistent. local entities count is: 3 local entities hash is: Yfs2eibZmwVR2kXJaIZNoABB1YQ="}
{"logTime": "1222/061110", "correlationVector":"eG+ihjNUfTfDQfX5rLuySm","action":"Commit Request", "result":"", "context":Item count: 5
Contributing types: Sessions, Device Info, User Consents}
{"logTime": "1222/061111", "correlationVector":"eG+ihjNUfTfDQfX5rLuySm.1","action":"SyncServerConnectionManagerRequest", "result":"SYNC_SERVER_OK", "context":{"environment":"Prod_WestEurope_000l", "migrationStage":"NotStarted", "server":"GENERAL0100000R"}}
{"logTime": "1222/061111", "correlationVector":"eG+ihjNUfTfDQfX5rLuySm.2","action":"Commit Response", "result":"Success", "context":Result: Success. cV=eG+ihjNUfTfDQfX5rLuySm.0;server=GENERAL0100000R;cloudType=Consumer;environment=Prod_WestEurope_000l;migrationStage=NotStarted}
{"logTime": "1222/061111", "correlationVector":"","action":"DIAGNOSTIC_REQUEST|v1/diagnosticData/Diagnostic.SendCheckResult()|SUCCESS", "result":""}
{"logTime": "1222/061510", "correlationVector":"0MnTEwMxeVlQCMlo0vuprE.1","action":"SyncServerConnectionManagerRequest", "result":"SYNC_SERVER_OK", "context":{"environment":"Prod_WestEurope_000l", "migrationStage":"NotStarted", "server":"GENERAL0100000C"}}
{"logTime": "1222/061512", "correlationVector":"n2F5yjyi63n3AriBb1a8X8","action":"SyncServerConnectionManagerRequest", "result":"SYNC_SERVER_OK", "context":{"environment":"", "migrationStage":"", "server":""}}
{"logTime": "1222/061512", "correlationVector":"0MnTEwMxeVlQCMlo0vuprE","action":"Initial GetUpdates", "result":"", "context":Reason: NEW_CLIENT. cV=0MnTEwMxeVlQCMlo0vuprE}
{"logTime": "1222/061512", "correlationVector":"0MnTEwMxeVlQCMlo0vuprE.2","action":"GetUpdates Response", "result":"Success", "context":Received 1 update(s). cV=0MnTEwMxeVlQCMlo0vuprE.0;server=GENERAL0100000C;cloudType=Consumer;environment=Prod_WestEurope_000l;migrationStage=NotStarted}
{"logTime": "1222/061512", "correlationVector":"+fsMYDEp7wm8hyzuY5tDps","action":"Initial GetUpdates", "result":"", "context":Reason: NEWLY_SUPPORTED_DATATYPE. cV=+fsMYDEp7wm8hyzuY5tDps}
{"logTime": "1222/061513", "correlationVector":"+fsMYDEp7wm8hyzuY5tDps.1","action":"SyncServerConnectionManagerRequest", "result":"SYNC_SERVER_OK", "context":{"environment":"Prod_WestEurope_000l", "migrationStage":"NotStarted", "server":"GENERAL0100000I"}}
{"logTime": "1222/061513", "correlationVector":"+fsMYDEp7wm8hyzuY5tDps.2","action":"GetUpdates Response", "result":"Success", "context":Received 3 update(s). cV=+fsMYDEp7wm8hyzuY5tDps.0;server=GENERAL0100000I;cloudType=Consumer;environment=Prod_WestEurope_000l;migrationStage=NotStarted}
{"logTime": "1222/061513", "correlationVector":"sQYwd2n8lvmPI/tV+FySSq","action":"Normal GetUpdate request", "result":"", "context":cV=sQYwd2n8lvmPI/tV+FySSq
Nudged types: Sessions
Refresh requested types: Bookmarks, Preferences, Passwords, Autofill Profiles, Autofill, Typed URLs, Extensions, Sessions, Extension settings, History Delete Directives, Device Info, User Consents, Send Tab To Self, Web Apps, Collection, Edge E Drop, Edge Hub App Usage, Edge Tab Group, Edge Wallet, Encryption Keys}
{"logTime": "1222/061513", "correlationVector":"sQYwd2n8lvmPI/tV+FySSq.1","action":"SyncServerConnectionManagerRequest", "result":"SYNC_SERVER_OK", "context":{"environment":"Prod_WestEurope_000l", "migrationStage":"NotStarted", "server":"GENERAL01000008"}}
{"logTime": "1222/061513", "correlationVector":"sQYwd2n8lvmPI/tV+FySSq.2","action":"GetUpdates Response", "result":"Success", "context":Received 3 update(s). cV=sQYwd2n8lvmPI/tV+FySSq.0;server=GENERAL01000008;cloudType=Consumer;environment=Prod_WestEurope_000l;migrationStage=NotStarted}
{"logTime": "1222/061513", "correlationVector":"CSvmWNCDwQXVoBkubQx8ez","action":"Commit Request", "result":"", "context":Item count: 3
Contributing types: Sessions}
{"logTime": "1222/061514", "correlationVector":"CSvmWNCDwQXVoBkubQx8ez.1","action":"SyncServerConnectionManagerRequest", "result":"SYNC_SERVER_OK", "context":{"environment":"Prod_WestEurope_000l", "migrationStage":"NotStarted", "server":"GENERAL0100000S"}}
{"logTime": "1222/061514", "correlationVector":"CSvmWNCDwQXVoBkubQx8ez.3","action":"Commit.Sessions", "result":"Success", "context":{"id":"efabaed7-5e5d-4abc-908b-bbb381e2a6db", "isDeleted":"true", "size":"0", "version":"1734847871509"}}
{"logTime": "1222/061514", "correlationVector":"CSvmWNCDwQXVoBkubQx8ez.2","action":"Commit Response", "result":"Success", "context":Result: Success. cV=CSvmWNCDwQXVoBkubQx8ez.0;server=GENERAL0100000S;cloudType=Consumer;environment=Prod_WestEurope_000l;migrationStage=NotStarted}
{"logTime": "1222/062516", "correlationVector":"TYuSVZvqq3hEIzPgSTZU09.1","action":"SyncServerConnectionManagerRequest", "result":"SYNC_SERVER_OK", "context":{"environment":"Prod_WestEurope_000l", "migrationStage":"NotStarted", "server":"GENERAL0100001J"}}
{"logTime": "1222/062517", "correlationVector":"vb2eS/LZrlLFYcfeo9SUmv","action":"SyncServerConnectionManagerRequest", "result":"SYNC_SERVER_OK", "context":{"environment":"", "migrationStage":"", "server":""}}
{"logTime": "1222/062518", "correlationVector":"TYuSVZvqq3hEIzPgSTZU09","action":"Initial GetUpdates", "result":"", "context":Reason: NEW_CLIENT. cV=TYuSVZvqq3hEIzPgSTZU09}
{"logTime": "1222/062518", "correlationVector":"TYuSVZvqq3hEIzPgSTZU09.2","action":"GetUpdates Response", "result":"Success", "context":Received 1 update(s). cV=TYuSVZvqq3hEIzPgSTZU09.0;server=GENERAL0100001J;cloudType=Consumer;environment=Prod_WestEurope_000l;migrationStage=NotStarted}
{"logTime": "1222/062518", "correlationVector":"XlpXGk7aEWx8iJLwqaw+cx","action":"Initial GetUpdates", "result":"", "context":Reason: NEWLY_SUPPORTED_DATATYPE. cV=XlpXGk7aEWx8iJLwqaw+cx}
{"logTime": "1222/062518", "correlationVector":"XlpXGk7aEWx8iJLwqaw+cx.1","action":"SyncServerConnectionManagerRequest", "result":"SYNC_SERVER_OK", "context":{"environment":"Prod_WestEurope_000l", "migrationStage":"NotStarted", "server":"GENERAL0100000U"}}
{"logTime": "1222/062518", "correlationVector":"XlpXGk7aEWx8iJLwqaw+cx.2","action":"GetUpdates Response", "result":"Success", "context":Received 3 update(s). cV=XlpXGk7aEWx8iJLwqaw+cx.0;server=GENERAL0100000U;cloudType=Consumer;environment=Prod_WestEurope_000l;migrationStage=NotStarted}
{"logTime": "1222/062518", "correlationVector":"DLMeYlP7mXQh+w9RZjm8n5","action":"Normal GetUpdate request", "result":"", "context":cV=DLMeYlP7mXQh+w9RZjm8n5
Nudged types: Sessions
Refresh requested types: Bookmarks, Preferences, Passwords, Autofill Profiles, Autofill, Typed URLs, Extensions, Sessions, Extension settings, History Delete Directives, Device Info, User Consents, Send Tab To Self, Web Apps, Collection, Edge E Drop, Edge Hub App Usage, Edge Tab Group, Edge Wallet, Encryption Keys}
{"logTime": "1222/062518", "correlationVector":"DLMeYlP7mXQh+w9RZjm8n5.1","action":"SyncServerConnectionManagerRequest", "result":"SYNC_SERVER_OK", "context":{"environment":"Prod_WestEurope_000l", "migrationStage":"NotStarted", "server":"GENERAL01000005"}}
{"logTime": "1222/062518", "correlationVector":"DLMeYlP7mXQh+w9RZjm8n5.2","action":"GetUpdates", "result":"DeleteReceived", "context":{"id":"efabaed7-5e5d-4abc-908b-bbb381e2a6db", "isDeleted:":"true", "version":"1734848114384"}}
{"logTime": "1222/062518", "correlationVector":"DLMeYlP7mXQh+w9RZjm8n5.3","action":"GetUpdates Response", "result":"Success", "context":Received 3 update(s). cV=DLMeYlP7mXQh+w9RZjm8n5.0;server=GENERAL01000005;cloudType=Consumer;environment=Prod_WestEurope_000l;migrationStage=NotStarted}
{"logTime": "1222/062518", "correlationVector":"J1hxDg2ZKnStQiYb16AVlU","action":"Commit Request", "result":"", "context":Item count: 3
Contributing types: Sessions}
{"logTime": "1222/062519", "correlationVector":"J1hxDg2ZKnStQiYb16AVlU.1","action":"SyncServerConnectionManagerRequest", "result":"SYNC_SERVER_OK", "context":{"environment":"Prod_WestEurope_000l", "migrationStage":"NotStarted", "server":"general0100001E"}}
{"logTime": "1222/062519", "correlationVector":"J1hxDg2ZKnStQiYb16AVlU.3","action":"Commit.Sessions", "result":"Success", "context":{"id":"6d872be2-4b49-482b-8c51-08db11745665", "isDeleted":"true", "size":"0", "version":"1734848114386"}}
{"logTime": "1222/062519", "correlationVector":"J1hxDg2ZKnStQiYb16AVlU.2","action":"Commit Response", "result":"Success", "context":Result: Success. cV=J1hxDg2ZKnStQiYb16AVlU.0;server=general0100001E;cloudType=Consumer;environment=Prod_WestEurope_000l;migrationStage=NotStarted}
{"logTime": "1222/062549", "correlationVector":"Oqa8OixaBMI7Ywr0uTUsgG","action":"Commit Request", "result":"", "context":Item count: 1
Contributing types: Sessions}
{"logTime": "1222/062549", "correlationVector":"Oqa8OixaBMI7Ywr0uTUsgG.1","action":"SyncServerConnectionManagerRequest", "result":"SYNC_SERVER_OK", "context":{"environment":"Prod_WestEurope_000l", "migrationStage":"NotStarted", "server":"general0100001E"}}
{"logTime": "1222/062549", "correlationVector":"Oqa8OixaBMI7Ywr0uTUsgG.2","action":"Commit Response", "result":"Success", "context":Result: Success. cV=Oqa8OixaBMI7Ywr0uTUsgG.0;server=general0100001E;cloudType=Consumer;environment=Prod_WestEurope_000l;migrationStage=NotStarted}
{"logTime": "1222/063006", "correlationVector":"050Uat9l4nxsErFuJBSoof.1","action":"SyncServerConnectionManagerRequest", "result":"SYNC_SERVER_OK", "context":{"environment":"Prod_WestEurope_000l", "migrationStage":"NotStarted", "server":"GENERAL0100000S"}}
{"logTime": "1222/063007", "correlationVector":"oExHEyHtx2cS+Io4Xdorj1","action":"SyncServerConnectionManagerRequest", "result":"SYNC_SERVER_OK", "context":{"environment":"", "migrationStage":"", "server":""}}
{"logTime": "1222/063007", "correlationVector":"050Uat9l4nxsErFuJBSoof","action":"Initial GetUpdates", "result":"", "context":Reason: NEW_CLIENT. cV=050Uat9l4nxsErFuJBSoof}
{"logTime": "1222/063007", "correlationVector":"050Uat9l4nxsErFuJBSoof.2","action":"GetUpdates Response", "result":"Success", "context":Received 1 update(s). cV=050Uat9l4nxsErFuJBSoof.0;server=GENERAL0100000S;cloudType=Consumer;environment=Prod_WestEurope_000l;migrationStage=NotStarted}
{"logTime": "1222/063007", "correlationVector":"dJuE9l5y//op3bb0X/zXhU","action":"Initial GetUpdates", "result":"", "context":Reason: NEWLY_SUPPORTED_DATATYPE. cV=dJuE9l5y//op3bb0X/zXhU}
{"logTime": "1222/063008", "correlationVector":"dJuE9l5y//op3bb0X/zXhU.1","action":"SyncServerConnectionManagerRequest", "result":"SYNC_SERVER_OK", "context":{"environment":"Prod_WestEurope_000l", "migrationStage":"NotStarted", "server":"GENERAL0100001J"}}
{"logTime": "1222/063008", "correlationVector":"dJuE9l5y//op3bb0X/zXhU.2","action":"GetUpdates Response", "result":"Success", "context":Received 3 update(s). cV=dJuE9l5y//op3bb0X/zXhU.0;server=GENERAL0100001J;cloudType=Consumer;environment=Prod_WestEurope_000l;migrationStage=NotStarted}
{"logTime": "1222/063008", "correlationVector":"wUGlbxGjvH6kBHU7oT6f29","action":"Normal GetUpdate request", "result":"", "context":cV=wUGlbxGjvH6kBHU7oT6f29
Nudged types: Sessions
Refresh requested types: Bookmarks, Preferences, Passwords, Autofill Profiles, Autofill, Typed URLs, Extensions, Sessions, Extension settings, History Delete Directives, Device Info, User Consents, Send Tab To Self, Web Apps, Collection, Edge E Drop, Edge Hub App Usage, Edge Tab Group, Edge Wallet, Encryption Keys}
{"logTime": "1222/063008", "correlationVector":"wUGlbxGjvH6kBHU7oT6f29.1","action":"SyncServerConnectionManagerRequest", "result":"SYNC_SERVER_OK", "context":{"environment":"Prod_WestEurope_000l", "migrationStage":"NotStarted", "server":"GENERAL01000016"}}
{"logTime": "1222/063008", "correlationVector":"wUGlbxGjvH6kBHU7oT6f29.2","action":"GetUpdates", "result":"DeleteReceived", "context":{"id":"6d872be2-4b49-482b-8c51-08db11745665", "isDeleted:":"true", "version":"1734848719270"}}
{"logTime": "1222/063008", "correlationVector":"wUGlbxGjvH6kBHU7oT6f29.3","action":"GetUpdates Response", "result":"Success", "context":Received 3 update(s). cV=wUGlbxGjvH6kBHU7oT6f29.0;server=GENERAL01000016;cloudType=Consumer;environment=Prod_WestEurope_000l;migrationStage=NotStarted}
{"logTime": "1222/063008", "correlationVector":"eIJ0X1vz6lRdUSJ/DAKhvl","action":"Commit Request", "result":"", "context":Item count: 3
Contributing types: Sessions}
{"logTime": "1222/063009", "correlationVector":"eIJ0X1vz6lRdUSJ/DAKhvl.1","action":"SyncServerConnectionManagerRequest", "result":"SYNC_SERVER_OK", "context":{"environment":"Prod_WestEurope_000l", "migrationStage":"NotStarted", "server":"GENERAL0100000J"}}
{"logTime": "1222/063009", "correlationVector":"eIJ0X1vz6lRdUSJ/DAKhvl.3","action":"Commit.Sessions", "result":"Success", "context":{"id":"5012349f-4070-4552-a62a-94146a0aea3b", "isDeleted":"true", "size":"0", "version":"1734848749660"}}
{"logTime": "1222/063009", "correlationVector":"eIJ0X1vz6lRdUSJ/DAKhvl.2","action":"Commit Response", "result":"Success", "context":Result: Success. cV=eIJ0X1vz6lRdUSJ/DAKhvl.0;server=GENERAL0100000J;cloudType=Consumer;environment=Prod_WestEurope_000l;migrationStage=NotStarted}
{"logTime": "1222/063039", "correlationVector":"opTuQ6Oxe82rQz2shgmpk1","action":"Commit Request", "result":"", "context":Item count: 1
Contributing types: Sessions}
{"logTime": "1222/063039", "correlationVector":"opTuQ6Oxe82rQz2shgmpk1.1","action":"SyncServerConnectionManagerRequest", "result":"SYNC_SERVER_OK", "context":{"environment":"Prod_WestEurope_000l", "migrationStage":"NotStarted", "server":"GENERAL01000011"}}
{"logTime": "1222/063039", "correlationVector":"opTuQ6Oxe82rQz2shgmpk1.2","action":"Commit Response", "result":"Success", "context":Result: Success. cV=opTuQ6Oxe82rQz2shgmpk1.0;server=GENERAL01000011;cloudType=Consumer;environment=Prod_WestEurope_000l;migrationStage=NotStarted}
{"logTime": "1222/063315", "correlationVector":"elK18cIHMDyCNqjzl4DfKs.1","action":"SyncServerConnectionManagerRequest", "result":"SYNC_SERVER_OK", "context":{"environment":"Prod_WestEurope_000l", "migrationStage":"NotStarted", "server":"GENERAL0100001J"}}
{"logTime": "1222/063316", "correlationVector":"eS5vA0IkkEOgcGmFWnQkux","action":"SyncServerConnectionManagerRequest", "result":"SYNC_SERVER_OK", "context":{"environment":"", "migrationStage":"", "server":""}}
{"logTime": "1222/063316", "correlationVector":"elK18cIHMDyCNqjzl4DfKs","action":"Initial GetUpdates", "result":"", "context":Reason: NEW_CLIENT. cV=elK18cIHMDyCNqjzl4DfKs}
{"logTime": "1222/063316", "correlationVector":"elK18cIHMDyCNqjzl4DfKs.2","action":"GetUpdates Response", "result":"Success", "context":Received 1 update(s). cV=elK18cIHMDyCNqjzl4DfKs.0;server=GENERAL0100001J;cloudType=Consumer;environment=Prod_WestEurope_000l;migrationStage=NotStarted}
{"logTime": "1222/063316", "correlationVector":"4ovs0W1wZ0RDj+xMk7dtQ9","action":"Initial GetUpdates", "result":"", "context":Reason: NEWLY_SUPPORTED_DATATYPE. cV=4ovs0W1wZ0RDj+xMk7dtQ9}
{"logTime": "1222/063317", "correlationVector":"4ovs0W1wZ0RDj+xMk7dtQ9.1","action":"SyncServerConnectionManagerRequest", "result":"SYNC_SERVER_OK", "context":{"environment":"Prod_WestEurope_000l", "migrationStage":"NotStarted", "server":"general0100000Y"}}
{"logTime": "1222/063317", "correlationVector":"4ovs0W1wZ0RDj+xMk7dtQ9.2","action":"GetUpdates Response", "result":"Success", "context":Received 3 update(s). cV=4ovs0W1wZ0RDj+xMk7dtQ9.0;server=general0100000Y;cloudType=Consumer;environment=Prod_WestEurope_000l;migrationStage=NotStarted}
{"logTime": "1222/063317", "correlationVector":"LjjhCMlgLk3N/VfDbtkVG1","action":"Normal GetUpdate request", "result":"", "context":cV=LjjhCMlgLk3N/VfDbtkVG1
Nudged types: Sessions
Refresh requested types: Bookmarks, Preferences, Passwords, Autofill Profiles, Autofill, Typed URLs, Extensions, Sessions, Extension settings, History Delete Directives, Device Info, User Consents, Send Tab To Self, Web Apps, Collection, Edge E Drop, Edge Hub App Usage, Edge Tab Group, Edge Wallet, Encryption Keys}
{"logTime": "1222/063317", "correlationVector":"LjjhCMlgLk3N/VfDbtkVG1.1","action":"SyncServerConnectionManagerRequest", "result":"SYNC_SERVER_OK", "context":{"environment":"Prod_WestEurope_000l", "migrationStage":"NotStarted", "server":"GENERAL0100000O"}}
{"logTime": "1222/063317", "correlationVector":"LjjhCMlgLk3N/VfDbtkVG1.2","action":"GetUpdates", "result":"DeleteReceived", "context":{"id":"5012349f-4070-4552-a62a-94146a0aea3b", "isDeleted:":"true", "version":"1734849009310"}}
{"logTime": "1222/063317", "correlationVector":"LjjhCMlgLk3N/VfDbtkVG1.3","action":"GetUpdates Response", "result":"Success", "context":Received 3 update(s). cV=LjjhCMlgLk3N/VfDbtkVG1.0;server=GENERAL0100000O;cloudType=Consumer;environment=Prod_WestEurope_000l;migrationStage=NotStarted}
{"logTime": "1222/063317", "correlationVector":"l4sedMuBzaOI9YmKg2p/yx","action":"Commit Request", "result":"", "context":Item count: 3
Contributing types: Sessions}
{"logTime": "1222/063317", "correlationVector":"l4sedMuBzaOI9YmKg2p/yx.1","action":"SyncServerConnectionManagerRequest", "result":"SYNC_SERVER_OK", "context":{"environment":"Prod_WestEurope_000l", "migrationStage":"NotStarted", "server":"GENERAL0100000M"}}
{"logTime": "1222/063317", "correlationVector":"l4sedMuBzaOI9YmKg2p/yx.3","action":"Commit.Sessions", "result":"Success", "context":{"id":"78c799ba-aaba-42b6-ac19-bb6aa7fe6512", "isDeleted":"true", "size":"0", "version":"1734849040151"}}
{"logTime": "1222/063317", "correlationVector":"l4sedMuBzaOI9YmKg2p/yx.2","action":"Commit Response", "result":"Success", "context":Result: Success. cV=l4sedMuBzaOI9YmKg2p/yx.0;server=GENERAL0100000M;cloudType=Consumer;environment=Prod_WestEurope_000l;migrationStage=NotStarted}
{"logTime": "1222/063727", "correlationVector":"NPGhqkshoZWC7LhXczoszq.1","action":"SyncServerConnectionManagerRequest", "result":"SYNC_SERVER_OK", "context":{"environment":"Prod_WestEurope_000l", "migrationStage":"NotStarted", "server":"GENERAL0100001M"}}
{"logTime": "1222/063728", "correlationVector":"2Tq0uLNoNlc9BgRB0+iAOW","action":"SyncServerConnectionManagerRequest", "result":"SYNC_SERVER_OK", "context":{"environment":"", "migrationStage":"", "server":""}}
{"logTime": "1222/063728", "correlationVector":"NPGhqkshoZWC7LhXczoszq","action":"Initial GetUpdates", "result":"", "context":Reason: NEW_CLIENT. cV=NPGhqkshoZWC7LhXczoszq}
{"logTime": "1222/063728", "correlationVector":"NPGhqkshoZWC7LhXczoszq.2","action":"GetUpdates Response", "result":"Success", "context":Received 1 update(s). cV=NPGhqkshoZWC7LhXczoszq.0;server=GENERAL0100001M;cloudType=Consumer;environment=Prod_WestEurope_000l;migrationStage=NotStarted}
{"logTime": "1222/063728", "correlationVector":"ay5IIMNAgSF/KbhzMlpEz7","action":"Initial GetUpdates", "result":"", "context":Reason: NEWLY_SUPPORTED_DATATYPE. cV=ay5IIMNAgSF/KbhzMlpEz7}
{"logTime": "1222/063728", "correlationVector":"ay5IIMNAgSF/KbhzMlpEz7.1","action":"SyncServerConnectionManagerRequest", "result":"SYNC_SERVER_OK", "context":{"environment":"Prod_WestEurope_000l", "migrationStage":"NotStarted", "server":"GENERAL01000006"}}
{"logTime": "1222/063728", "correlationVector":"ay5IIMNAgSF/KbhzMlpEz7.2","action":"GetUpdates Response", "result":"Success", "context":Received 3 update(s). cV=ay5IIMNAgSF/KbhzMlpEz7.0;server=GENERAL01000006;cloudType=Consumer;environment=Prod_WestEurope_000l;migrationStage=NotStarted}
{"logTime": "1222/063728", "correlationVector":"CBbL9sL6+VQUK/z1FVMCTQ","action":"Normal GetUpdate request", "result":"", "context":cV=CBbL9sL6+VQUK/z1FVMCTQ
Nudged types: Sessions
Refresh requested types: Bookmarks, Preferences, Passwords, Autofill Profiles, Autofill, Typed URLs, Extensions, Sessions, Extension settings, History Delete Directives, Device Info, User Consents, Send Tab To Self, Web Apps, Collection, Edge E Drop, Edge Hub App Usage, Edge Tab Group, Edge Wallet, Encryption Keys}
{"logTime": "1222/063729", "correlationVector":"CBbL9sL6+VQUK/z1FVMCTQ.1","action":"SyncServerConnectionManagerRequest", "result":"SYNC_SERVER_OK", "context":{"environment":"Prod_WestEurope_000l", "migrationStage":"NotStarted", "server":"GENERAL01000014"}}
{"logTime": "1222/063729", "correlationVector":"CBbL9sL6+VQUK/z1FVMCTQ.2","action":"GetUpdates", "result":"DeleteReceived", "context":{"id":"78c799ba-aaba-42b6-ac19-bb6aa7fe6512", "isDeleted:":"true", "version":"1734849198063"}}
{"logTime": "1222/063729", "correlationVector":"CBbL9sL6+VQUK/z1FVMCTQ.3","action":"GetUpdates Response", "result":"Success", "context":Received 3 update(s). cV=CBbL9sL6+VQUK/z1FVMCTQ.0;server=GENERAL01000014;cloudType=Consumer;environment=Prod_WestEurope_000l;migrationStage=NotStarted}
{"logTime": "1222/063729", "correlationVector":"+Z/pInIsCy14VhCfMohkSX","action":"Commit Request", "result":"", "context":Item count: 3
Contributing types: Sessions}
{"logTime": "1222/063729", "correlationVector":"+Z/pInIsCy14VhCfMohkSX.1","action":"SyncServerConnectionManagerRequest", "result":"SYNC_SERVER_OK", "context":{"environment":"Prod_WestEurope_000l", "migrationStage":"NotStarted", "server":"GENERAL0100000U"}}
{"logTime": "1222/063729", "correlationVector":"+Z/pInIsCy14VhCfMohkSX.3","action":"Commit.Sessions", "result":"Success", "context":{"id":"4e500d88-1540-48f1-a5cd-3fa97966129c", "isDeleted":"true", "size":"0", "version":"1734849198061"}}
{"logTime": "1222/063729", "correlationVector":"+Z/pInIsCy14VhCfMohkSX.2","action":"Commit Response", "result":"Success", "context":Result: Success. cV=+Z/pInIsCy14VhCfMohkSX.0;server=GENERAL0100000U;cloudType=Consumer;environment=Prod_WestEurope_000l;migrationStage=NotStarted}
{"logTime": "1222/063944", "correlationVector":"+2rDrrrL7DmAeMXdiClJiA.1","action":"SyncServerConnectionManagerRequest", "result":"SYNC_SERVER_OK", "context":{"environment":"Prod_WestEurope_000l", "migrationStage":"NotStarted", "server":"GENERAL0100000K"}}
{"logTime": "1222/063945", "correlationVector":"zgKC/PuOgUR1ifAnEA8be0","action":"SyncServerConnectionManagerRequest", "result":"SYNC_SERVER_OK", "context":{"environment":"", "migrationStage":"", "server":""}}
{"logTime": "1222/063945", "correlationVector":"+2rDrrrL7DmAeMXdiClJiA","action":"Initial GetUpdates", "result":"", "context":Reason: NEW_CLIENT. cV=+2rDrrrL7DmAeMXdiClJiA}
{"logTime": "1222/063945", "correlationVector":"+2rDrrrL7DmAeMXdiClJiA.2","action":"GetUpdates Response", "result":"Success", "context":Received 1 update(s). cV=+2rDrrrL7DmAeMXdiClJiA.0;server=GENERAL0100000K;cloudType=Consumer;environment=Prod_WestEurope_000l;migrationStage=NotStarted}
{"logTime": "1222/063945", "correlationVector":"oXAh3AtLDjCBL3cQ5niBKs","action":"Initial GetUpdates", "result":"", "context":Reason: NEWLY_SUPPORTED_DATATYPE. cV=oXAh3AtLDjCBL3cQ5niBKs}
{"logTime": "1222/063946", "correlationVector":"oXAh3AtLDjCBL3cQ5niBKs.1","action":"SyncServerConnectionManagerRequest", "result":"SYNC_SERVER_OK", "context":{"environment":"Prod_WestEurope_000l", "migrationStage":"NotStarted", "server":"GENERAL01000011"}}
{"logTime": "1222/063946", "correlationVector":"oXAh3AtLDjCBL3cQ5niBKs.2","action":"GetUpdates Response", "result":"Success", "context":Received 3 update(s). cV=oXAh3AtLDjCBL3cQ5niBKs.0;server=GENERAL01000011;cloudType=Consumer;environment=Prod_WestEurope_000l;migrationStage=NotStarted}
{"logTime": "1222/063946", "correlationVector":"OznWqGrET5txODsXc6j2Yy","action":"Normal GetUpdate request", "result":"", "context":cV=OznWqGrET5txODsXc6j2Yy
Nudged types: Sessions
Refresh requested types: Bookmarks, Preferences, Passwords, Autofill Profiles, Autofill, Typed URLs, Extensions, Sessions, Extension settings, History Delete Directives, Device Info, User Consents, Send Tab To Self, Web Apps, Collection, Edge E Drop, Edge Hub App Usage, Edge Tab Group, Edge Wallet, Encryption Keys}
{"logTime": "1222/063946", "correlationVector":"OznWqGrET5txODsXc6j2Yy.1","action":"SyncServerConnectionManagerRequest", "result":"SYNC_SERVER_OK", "context":{"environment":"Prod_WestEurope_000l", "migrationStage":"NotStarted", "server":"GENERAL01000011"}}
{"logTime": "1222/063946", "correlationVector":"OznWqGrET5txODsXc6j2Yy.2","action":"GetUpdates", "result":"DeleteReceived", "context":{"id":"4e500d88-1540-48f1-a5cd-3fa97966129c", "isDeleted:":"true", "version":"1734849449805"}}
{"logTime": "1222/063946", "correlationVector":"OznWqGrET5txODsXc6j2Yy.3","action":"GetUpdates Response", "result":"Success", "context":Received 3 update(s). cV=OznWqGrET5txODsXc6j2Yy.0;server=GENERAL01000011;cloudType=Consumer;environment=Prod_WestEurope_000l;migrationStage=NotStarted}
{"logTime": "1222/063946", "correlationVector":"1DqggvSxGx/3Pw6Mu0Yuny","action":"Commit Request", "result":"", "context":Item count: 3
Contributing types: Sessions}
{"logTime": "1222/063947", "correlationVector":"1DqggvSxGx/3Pw6Mu0Yuny.1","action":"SyncServerConnectionManagerRequest", "result":"SYNC_SERVER_OK", "context":{"environment":"Prod_WestEurope_000l", "migrationStage":"NotStarted", "server":"GENERAL0100001C"}}
{"logTime": "1222/063947", "correlationVector":"1DqggvSxGx/3Pw6Mu0Yuny.3","action":"Commit.Sessions", "result":"Success", "context":{"id":"dd46c76b-077c-4794-8e7b-3f41d0c5289c", "isDeleted":"true", "size":"0", "version":"1734849449807"}}
{"logTime": "1222/063947", "correlationVector":"1DqggvSxGx/3Pw6Mu0Yuny.2","action":"Commit Response", "result":"Success", "context":Result: Success. cV=1DqggvSxGx/3Pw6Mu0Yuny.0;server=GENERAL0100001C;cloudType=Consumer;environment=Prod_WestEurope_000l;migrationStage=NotStarted}
{"logTime": "1222/064349", "correlationVector":"b0+eo/oAsZoqF1c9DBfHO2.1","action":"SyncServerConnectionManagerRequest", "result":"SYNC_SERVER_OK", "context":{"environment":"Prod_WestEurope_000l", "migrationStage":"NotStarted", "server":"GENERAL01000000"}}
{"logTime": "1222/064350", "correlationVector":"XNtVl8QWmjJE6qTpVh5uML","action":"SyncServerConnectionManagerRequest", "result":"SYNC_SERVER_OK", "context":{"environment":"", "migrationStage":"", "server":""}}
{"logTime": "1222/064350", "correlationVector":"b0+eo/oAsZoqF1c9DBfHO2","action":"Initial GetUpdates", "result":"", "context":Reason: NEW_CLIENT. cV=b0+eo/oAsZoqF1c9DBfHO2}
{"logTime": "1222/064350", "correlationVector":"b0+eo/oAsZoqF1c9DBfHO2.2","action":"GetUpdates Response", "result":"Success", "context":Received 1 update(s). cV=b0+eo/oAsZoqF1c9DBfHO2.0;server=GENERAL01000000;cloudType=Consumer;environment=Prod_WestEurope_000l;migrationStage=NotStarted}
{"logTime": "1222/064350", "correlationVector":"cUoepJl7QUlD1/4X5PGX9c","action":"Initial GetUpdates", "result":"", "context":Reason: NEWLY_SUPPORTED_DATATYPE. cV=cUoepJl7QUlD1/4X5PGX9c}
{"logTime": "1222/064351", "correlationVector":"cUoepJl7QUlD1/4X5PGX9c.1","action":"SyncServerConnectionManagerRequest", "result":"SYNC_SERVER_OK", "context":{"environment":"Prod_WestEurope_000l", "migrationStage":"NotStarted", "server":"GENERAL0100001A"}}
{"logTime": "1222/064351", "correlationVector":"cUoepJl7QUlD1/4X5PGX9c.2","action":"GetUpdates Response", "result":"Success", "context":Received 3 update(s). cV=cUoepJl7QUlD1/4X5PGX9c.0;server=GENERAL0100001A;cloudType=Consumer;environment=Prod_WestEurope_000l;migrationStage=NotStarted}
{"logTime": "1222/064351", "correlationVector":"kZ2JsF/p0wFe6gf+nqAclI","action":"Normal GetUpdate request", "result":"", "context":cV=kZ2JsF/p0wFe6gf+nqAclI
Nudged types: Sessions
Refresh requested types: Bookmarks, Preferences, Passwords, Autofill Profiles, Autofill, Typed URLs, Extensions, Sessions, Extension settings, History Delete Directives, Device Info, User Consents, Send Tab To Self, Web Apps, Collection, Edge E Drop, Edge Hub App Usage, Edge Tab Group, Edge Wallet, Encryption Keys}
{"logTime": "1222/064351", "correlationVector":"kZ2JsF/p0wFe6gf+nqAclI.1","action":"SyncServerConnectionManagerRequest", "result":"SYNC_SERVER_OK", "context":{"environment":"Prod_WestEurope_000l", "migrationStage":"NotStarted", "server":"GENERAL01000008"}}
{"logTime": "1222/064351", "correlationVector":"kZ2JsF/p0wFe6gf+nqAclI.2","action":"GetUpdates", "result":"DeleteReceived", "context":{"id":"dd46c76b-077c-4794-8e7b-3f41d0c5289c", "isDeleted:":"true", "version":"1734849587284"}}
{"logTime": "1222/064351", "correlationVector":"kZ2JsF/p0wFe6gf+nqAclI.3","action":"GetUpdates Response", "result":"Success", "context":Received 3 update(s). cV=kZ2JsF/p0wFe6gf+nqAclI.0;server=GENERAL01000008;cloudType=Consumer;environment=Prod_WestEurope_000l;migrationStage=NotStarted}
{"logTime": "1222/064351", "correlationVector":"N1LEyig7zcgMx4yW40kvFM","action":"Commit Request", "result":"", "context":Item count: 3
Contributing types: Sessions}
{"logTime": "1222/064352", "correlationVector":"N1LEyig7zcgMx4yW40kvFM.1","action":"SyncServerConnectionManagerRequest", "result":"SYNC_SERVER_OK", "context":{"environment":"Prod_WestEurope_000l", "migrationStage":"NotStarted", "server":"GENERAL01000002"}}
{"logTime": "1222/064352", "correlationVector":"N1LEyig7zcgMx4yW40kvFM.3","action":"Commit.Sessions", "result":"Success", "context":{"id":"7b536790-14a2-406e-8e52-89c7f92ac964", "isDeleted":"true", "size":"0", "version":"1734849587282"}}
{"logTime": "1222/064352", "correlationVector":"N1LEyig7zcgMx4yW40kvFM.2","action":"Commit Response", "result":"Success", "context":Result: Success. cV=N1LEyig7zcgMx4yW40kvFM.0;server=GENERAL01000002;cloudType=Consumer;environment=Prod_WestEurope_000l;migrationStage=NotStarted}
{"logTime": "1222/064422", "correlationVector":"MT8QE7mwmiwLKao00AfeM7","action":"Commit Request", "result":"", "context":Item count: 1
Contributing types: Sessions}
{"logTime": "1222/064422", "correlationVector":"MT8QE7mwmiwLKao00AfeM7.1","action":"SyncServerConnectionManagerRequest", "result":"SYNC_SERVER_OK", "context":{"environment":"Prod_WestEurope_000l", "migrationStage":"NotStarted", "server":"GENERAL01000009"}}
{"logTime": "1222/064422", "correlationVector":"MT8QE7mwmiwLKao00AfeM7.2","action":"Commit Response", "result":"Success", "context":Result: Success. cV=MT8QE7mwmiwLKao00AfeM7.0;server=GENERAL01000009;cloudType=Consumer;environment=Prod_WestEurope_000l;migrationStage=NotStarted}
{"logTime": "1222/065015", "correlationVector":"VQOt/HCAm1HByIiiH/x/Dp.1","action":"SyncServerConnectionManagerRequest", "result":"SYNC_SERVER_OK", "context":{"environment":"Prod_WestEurope_000l", "migrationStage":"NotStarted", "server":"GENERAL0100001I"}}
{"logTime": "1222/065016", "correlationVector":"K2vIcrWIVjYg1EzdDYsh19","action":"SyncServerConnectionManagerRequest", "result":"SYNC_SERVER_OK", "context":{"environment":"", "migrationStage":"", "server":""}}
{"logTime": "1222/065016", "correlationVector":"VQOt/HCAm1HByIiiH/x/Dp","action":"Initial GetUpdates", "result":"", "context":Reason: NEW_CLIENT. cV=VQOt/HCAm1HByIiiH/x/Dp}
{"logTime": "1222/065016", "correlationVector":"VQOt/HCAm1HByIiiH/x/Dp.2","action":"GetUpdates Response", "result":"Success", "context":Received 1 update(s). cV=VQOt/HCAm1HByIiiH/x/Dp.0;server=GENERAL0100001I;cloudType=Consumer;environment=Prod_WestEurope_000l;migrationStage=NotStarted}
{"logTime": "1222/065016", "correlationVector":"hCLXaeXoBn08vetszb7WAr","action":"Initial GetUpdates", "result":"", "context":Reason: NEWLY_SUPPORTED_DATATYPE. cV=hCLXaeXoBn08vetszb7WAr}
{"logTime": "1222/065016", "correlationVector":"hCLXaeXoBn08vetszb7WAr.1","action":"SyncServerConnectionManagerRequest", "result":"SYNC_SERVER_OK", "context":{"environment":"Prod_WestEurope_000l", "migrationStage":"NotStarted", "server":"GENERAL0100000K"}}
{"logTime": "1222/065016", "correlationVector":"hCLXaeXoBn08vetszb7WAr.2","action":"GetUpdates Response", "result":"Success", "context":Received 3 update(s). cV=hCLXaeXoBn08vetszb7WAr.0;server=GENERAL0100000K;cloudType=Consumer;environment=Prod_WestEurope_000l;migrationStage=NotStarted}
{"logTime": "1222/065016", "correlationVector":"YQVeVz8gOxh3kKBLlAoUQa","action":"Normal GetUpdate request", "result":"", "context":cV=YQVeVz8gOxh3kKBLlAoUQa
Nudged types: Sessions
Refresh requested types: Bookmarks, Preferences, Passwords, Autofill Profiles, Autofill, Typed URLs, Extensions, Sessions, Extension settings, History Delete Directives, Device Info, User Consents, Send Tab To Self, Web Apps, Collection, Edge E Drop, Edge Hub App Usage, Edge Tab Group, Edge Wallet, Encryption Keys}
{"logTime": "1222/065016", "correlationVector":"YQVeVz8gOxh3kKBLlAoUQa.1","action":"SyncServerConnectionManagerRequest", "result":"SYNC_SERVER_OK", "context":{"environment":"Prod_WestEurope_000l", "migrationStage":"NotStarted", "server":"GENERAL0100001M"}}
{"logTime": "1222/065016", "correlationVector":"YQVeVz8gOxh3kKBLlAoUQa.2","action":"GetUpdates", "result":"DeleteReceived", "context":{"id":"7b536790-14a2-406e-8e52-89c7f92ac964", "isDeleted:":"true", "version":"1734849832265"}}
{"logTime": "1222/065016", "correlationVector":"YQVeVz8gOxh3kKBLlAoUQa.3","action":"GetUpdates Response", "result":"Success", "context":Received 3 update(s). cV=YQVeVz8gOxh3kKBLlAoUQa.0;server=GENERAL0100001M;cloudType=Consumer;environment=Prod_WestEurope_000l;migrationStage=NotStarted}
{"logTime": "1222/065016", "correlationVector":"RBDEg8R5nzIQW4KXjR+VGV","action":"Commit Request", "result":"", "context":Item count: 3
Contributing types: Sessions}
{"logTime": "1222/065017", "correlationVector":"RBDEg8R5nzIQW4KXjR+VGV.1","action":"SyncServerConnectionManagerRequest", "result":"SYNC_SERVER_OK", "context":{"environment":"Prod_WestEurope_000l", "migrationStage":"NotStarted", "server":"GENERAL01000011"}}
{"logTime": "1222/065017", "correlationVector":"RBDEg8R5nzIQW4KXjR+VGV.3","action":"Commit.Sessions", "result":"Success", "context":{"id":"329efc74-a003-4d85-9329-8e08010cab0d", "isDeleted":"true", "size":"0", "version":"1734849862678"}}
{"logTime": "1222/065017", "correlationVector":"RBDEg8R5nzIQW4KXjR+VGV.2","action":"Commit Response", "result":"Success", "context":Result: Success. cV=RBDEg8R5nzIQW4KXjR+VGV.0;server=GENERAL01000011;cloudType=Consumer;environment=Prod_WestEurope_000l;migrationStage=NotStarted}
{"logTime": "1222/065750", "correlationVector":"56FoMfYOWDZK9hsI3f84df.1","action":"SyncServerConnectionManagerRequest", "result":"SYNC_SERVER_OK", "context":{"environment":"Prod_WestEurope_000l", "migrationStage":"NotStarted", "server":"GENERAL0100000I"}}
{"logTime": "1222/065751", "correlationVector":"W2mFJV6AHyPqx1BtaiNgYL","action":"SyncServerConnectionManagerRequest", "result":"SYNC_SERVER_OK", "context":{"environment":"", "migrationStage":"", "server":""}}
{"logTime": "1222/065751", "correlationVector":"56FoMfYOWDZK9hsI3f84df","action":"Initial GetUpdates", "result":"", "context":Reason: NEW_CLIENT. cV=56FoMfYOWDZK9hsI3f84df}
{"logTime": "1222/065751", "correlationVector":"56FoMfYOWDZK9hsI3f84df.2","action":"GetUpdates Response", "result":"Success", "context":Received 1 update(s). cV=56FoMfYOWDZK9hsI3f84df.0;server=GENERAL0100000I;cloudType=Consumer;environment=Prod_WestEurope_000l;migrationStage=NotStarted}
{"logTime": "1222/065751", "correlationVector":"TWxgdLgVJ6+WXhHLIKN6a0","action":"Initial GetUpdates", "result":"", "context":Reason: NEWLY_SUPPORTED_DATATYPE. cV=TWxgdLgVJ6+WXhHLIKN6a0}
{"logTime": "1222/065752", "correlationVector":"TWxgdLgVJ6+WXhHLIKN6a0.1","action":"SyncServerConnectionManagerRequest", "result":"SYNC_SERVER_OK", "context":{"environment":"Prod_WestEurope_000l", "migrationStage":"NotStarted", "server":"GENERAL01000013"}}
{"logTime": "1222/065752", "correlationVector":"TWxgdLgVJ6+WXhHLIKN6a0.2","action":"GetUpdates Response", "result":"Success", "context":Received 3 update(s). cV=TWxgdLgVJ6+WXhHLIKN6a0.0;server=GENERAL01000013;cloudType=Consumer;environment=Prod_WestEurope_000l;migrationStage=NotStarted}
{"logTime": "1222/065752", "correlationVector":"u5LOwEsEnK88+O43EKNjuJ","action":"Normal GetUpdate request", "result":"", "context":cV=u5LOwEsEnK88+O43EKNjuJ
Nudged types: Sessions
Refresh requested types: Bookmarks, Preferences, Passwords, Autofill Profiles, Autofill, Typed URLs, Extensions, Sessions, Extension settings, History Delete Directives, Device Info, User Consents, Send Tab To Self, Web Apps, Collection, Edge E Drop, Edge Hub App Usage, Edge Tab Group, Edge Wallet, Encryption Keys}
{"logTime": "1222/065752", "correlationVector":"u5LOwEsEnK88+O43EKNjuJ.1","action":"SyncServerConnectionManagerRequest", "result":"SYNC_SERVER_OK", "context":{"environment":"Prod_WestEurope_000l", "migrationStage":"NotStarted", "server":"GENERAL01000013"}}
{"logTime": "1222/065752", "correlationVector":"u5LOwEsEnK88+O43EKNjuJ.2","action":"GetUpdates", "result":"DeleteReceived", "context":{"id":"329efc74-a003-4d85-9329-8e08010cab0d", "isDeleted:":"true", "version":"1734850217405"}}
{"logTime": "1222/065752", "correlationVector":"u5LOwEsEnK88+O43EKNjuJ.3","action":"GetUpdates Response", "result":"Success", "context":Received 3 update(s). cV=u5LOwEsEnK88+O43EKNjuJ.0;server=GENERAL01000013;cloudType=Consumer;environment=Prod_WestEurope_000l;migrationStage=NotStarted}
{"logTime": "1222/065752", "correlationVector":"C1EU6EgP5ul1ulJK2GyDtw","action":"Commit Request", "result":"", "context":Item count: 3
Contributing types: Sessions}
{"logTime": "1222/065752", "correlationVector":"C1EU6EgP5ul1ulJK2GyDtw.1","action":"SyncServerConnectionManagerRequest", "result":"SYNC_SERVER_OK", "context":{"environment":"Prod_WestEurope_000l", "migrationStage":"NotStarted", "server":"GENERAL0100001K"}}
{"logTime": "1222/065752", "correlationVector":"C1EU6EgP5ul1ulJK2GyDtw.2","action":"Commit Response", "result":"Success", "context":Result: Success. cV=C1EU6EgP5ul1ulJK2GyDtw.0;server=GENERAL0100001K;cloudType=Consumer;environment=Prod_WestEurope_000l;migrationStage=NotStarted}
{"logTime": "1222/065822", "correlationVector":"tt8dTREvyXo5q8N2dHLV3M","action":"Commit Request", "result":"", "context":Item count: 2
Contributing types: Sessions}
{"logTime": "1222/065823", "correlationVector":"tt8dTREvyXo5q8N2dHLV3M.1","action":"SyncServerConnectionManagerRequest", "result":"SYNC_SERVER_OK", "context":{"environment":"Prod_WestEurope_000l", "migrationStage":"NotStarted", "server":"GENERAL0100000Q"}}
{"logTime": "1222/065823", "correlationVector":"tt8dTREvyXo5q8N2dHLV3M.3","action":"Commit.Sessions", "result":"Success", "context":{"id":"c6327ec7-2b86-4329-ba7b-d72279eea4a0", "isDeleted":"true", "size":"0", "version":"1734850673107"}}
{"logTime": "1222/065823", "correlationVector":"tt8dTREvyXo5q8N2dHLV3M.2","action":"Commit Response", "result":"Success", "context":Result: Success. cV=tt8dTREvyXo5q8N2dHLV3M.0;server=GENERAL0100000Q;cloudType=Consumer;environment=Prod_WestEurope_000l;migrationStage=NotStarted}
{"logTime": "1228/060327", "correlationVector":"95dntWVo7XyfuMUi/bsQ0L.1","action":"SyncServerConnectionManagerRequest", "result":"SYNC_SERVER_OK", "context":{"environment":"Prod_WestEurope_000l", "migrationStage":"NotStarted", "server":"GENERAL0100000Q"}}
{"logTime": "1228/060328", "correlationVector":"00oGaHpkQgE6HnVnZ7vuwC","action":"SyncServerConnectionManagerRequest", "result":"SYNC_SERVER_OK", "context":{"environment":"", "migrationStage":"", "server":""}}
{"logTime": "1228/060328", "correlationVector":"95dntWVo7XyfuMUi/bsQ0L","action":"Initial GetUpdates", "result":"", "context":Reason: NEW_CLIENT. cV=95dntWVo7XyfuMUi/bsQ0L}
{"logTime": "1228/060328", "correlationVector":"95dntWVo7XyfuMUi/bsQ0L.2","action":"GetUpdates Response", "result":"Success", "context":Received 1 update(s). cV=95dntWVo7XyfuMUi/bsQ0L.0;server=GENERAL0100000Q;cloudType=Consumer;environment=Prod_WestEurope_000l;migrationStage=NotStarted}
{"logTime": "1228/060328", "correlationVector":"agr95zoYO+X2qKo60iyyD3","action":"Initial GetUpdates", "result":"", "context":Reason: NEWLY_SUPPORTED_DATATYPE. cV=agr95zoYO+X2qKo60iyyD3}
{"logTime": "1228/060328", "correlationVector":"agr95zoYO+X2qKo60iyyD3.1","action":"SyncServerConnectionManagerRequest", "result":"SYNC_SERVER_OK", "context":{"environment":"Prod_WestEurope_000l", "migrationStage":"NotStarted", "server":"GENERAL0100000B"}}
{"logTime": "1228/060328", "correlationVector":"agr95zoYO+X2qKo60iyyD3.2","action":"GetUpdates Response", "result":"Success", "context":Received 3 update(s). cV=agr95zoYO+X2qKo60iyyD3.0;server=GENERAL0100000B;cloudType=Consumer;environment=Prod_WestEurope_000l;migrationStage=NotStarted}
{"logTime": "1228/060328", "correlationVector":"r7WPE1KFex0ljlrKKxjhwh","action":"Normal GetUpdate request", "result":"", "context":cV=r7WPE1KFex0ljlrKKxjhwh
Nudged types: Sessions, Device Info, Edge Hub App Usage
Refresh requested types: Bookmarks, Preferences, Passwords, Autofill Profiles, Autofill, Typed URLs, Extensions, Sessions, Extension settings, History Delete Directives, Device Info, User Consents, Send Tab To Self, Web Apps, Collection, Edge E Drop, Edge Hub App Usage, Edge Tab Group, Edge Wallet, Encryption Keys}
{"logTime": "1228/060329", "correlationVector":"r7WPE1KFex0ljlrKKxjhwh.1","action":"SyncServerConnectionManagerRequest", "result":"SYNC_SERVER_OK", "context":{"environment":"Prod_WestEurope_000l", "migrationStage":"NotStarted", "server":"GENERAL03000038"}}
{"logTime": "1228/060329", "correlationVector":"r7WPE1KFex0ljlrKKxjhwh.2","action":"GetUpdates", "result":"DeleteReceived", "context":{"id":"c6327ec7-2b86-4329-ba7b-d72279eea4a0", "isDeleted:":"true", "version":"1734850703478"}}
{"logTime": "1228/060329", "correlationVector":"r7WPE1KFex0ljlrKKxjhwh.3","action":"GetUpdates Response", "result":"Success", "context":Received 3 update(s). cV=r7WPE1KFex0ljlrKKxjhwh.0;server=GENERAL03000038;cloudType=Consumer;environment=Prod_WestEurope_000l;migrationStage=NotStarted}
{"logTime": "1228/060329", "correlationVector":"23pVLQZ7GdLebjquj8LPdm","action":"Commit Request", "result":"", "context":Item count: 16
Contributing types: Sessions, Device Info, Edge Hub App Usage}
{"logTime": "1228/060330", "correlationVector":"23pVLQZ7GdLebjquj8LPdm.1","action":"SyncServerConnectionManagerRequest", "result":"SYNC_SERVER_OK", "context":{"environment":"Prod_WestEurope_000l", "migrationStage":"NotStarted", "server":"GENERAL0300002G"}}
{"logTime": "1228/060330", "correlationVector":"23pVLQZ7GdLebjquj8LPdm.3","action":"Commit.Sessions", "result":"Success", "context":{"id":"bbbac950-9b13-423f-ac0a-6772bd35526e", "isDeleted":"true", "size":"0", "version":"1733758659708"}}
{"logTime": "1228/060330", "correlationVector":"23pVLQZ7GdLebjquj8LPdm.4","action":"Commit.Sessions", "result":"Success", "context":{"id":"0bd86f5c-5f7f-4ccc-9b53-6481659f8a36", "isDeleted":"true", "size":"0", "version":"1733758693346"}}
{"logTime": "1228/060330", "correlationVector":"23pVLQZ7GdLebjquj8LPdm.5","action":"Commit.Sessions", "result":"Success", "context":{"id":"6528afce-9fa7-48bf-85bc-1d6df6caed2e", "isDeleted":"true", "size":"0", "version":"1734850703479"}}
{"logTime": "1228/060330", "correlationVector":"23pVLQZ7GdLebjquj8LPdm.2","action":"Commit Response", "result":"Success", "context":Result: Success. cV=23pVLQZ7GdLebjquj8LPdm.0;server=GENERAL0300002G;cloudType=Consumer;environment=Prod_WestEurope_000l;migrationStage=NotStarted}
{"logTime": "1228/060330", "correlationVector":"23pVLQZ7GdLebjquj8LPdm.6","action":"Commit.Edge Hub App Usage", "result":"Success", "context":{"id":"0e102f61-32d3-4e0e-9ff8-744f23aceaaf", "isDeleted":"true", "size":"0", "version":"1727273879887"}}
{"logTime": "1228/060330", "correlationVector":"23pVLQZ7GdLebjquj8LPdm.7","action":"Commit.Edge Hub App Usage", "result":"Success", "context":{"id":"7738b556-7869-466d-bd44-fea2067bb476", "isDeleted":"true", "size":"0", "version":"1727274392259"}}
{"logTime": "1228/060330", "correlationVector":"23pVLQZ7GdLebjquj8LPdm.8","action":"Commit.Edge Hub App Usage", "result":"Success", "context":{"id":"abbfc098-d178-4c76-9dfc-d73b3c6b603b", "isDeleted":"true", "size":"0", "version":"1727179279738"}}
{"logTime": "1228/060330", "correlationVector":"23pVLQZ7GdLebjquj8LPdm.9","action":"Commit.Edge Hub App Usage", "result":"Success", "context":{"id":"64816304-4c26-481b-a964-b463e0621d20", "isDeleted":"true", "size":"0", "version":"1727274138684"}}
{"logTime": "1228/060330", "correlationVector":"23pVLQZ7GdLebjquj8LPdm.10","action":"Commit.Edge Hub App Usage", "result":"Success", "context":{"id":"e7862f71-8f76-49d9-a078-affb07015a3b", "isDeleted":"true", "size":"0", "version":"1727179768718"}}
{"logTime": "1228/060330", "correlationVector":"23pVLQZ7GdLebjquj8LPdm.11","action":"Commit.Edge Hub App Usage", "result":"Success", "context":{"id":"1b05e95e-d071-4136-818b-ad8d2ab838bd", "isDeleted":"true", "size":"0", "version":"1727273932253"}}
{"logTime": "1228/060330", "correlationVector":"23pVLQZ7GdLebjquj8LPdm.12","action":"Commit.Edge Hub App Usage", "result":"Success", "context":{"id":"fafc3c8d-f99a-4b9e-aaee-ce7d9ea1fd43", "isDeleted":"true", "size":"0", "version":"1727179227253"}}
{"logTime": "1228/060330", "correlationVector":"23pVLQZ7GdLebjquj8LPdm.13","action":"Commit.Edge Hub App Usage", "result":"Success", "context":{"id":"8547e21c-a7f6-455e-abfb-dcf24d659e81", "isDeleted":"true", "size":"0", "version":"1727283916074"}}
{"logTime": "1228/060330", "correlationVector":"23pVLQZ7GdLebjquj8LPdm.14","action":"Commit.Edge Hub App Usage", "result":"Success", "context":{"id":"90eb197f-c8f9-4e28-b878-65a084a4f6ac", "isDeleted":"true", "size":"0", "version":"1727183685082"}}
{"logTime": "1228/060330", "correlationVector":"23pVLQZ7GdLebjquj8LPdm.15","action":"Commit.Edge Hub App Usage", "result":"Success", "context":{"id":"8a2af909-389a-4b89-a89b-4db1dff4cb10", "isDeleted":"true", "size":"0", "version":"1727179466802"}}
{"logTime": "1228/060330", "correlationVector":"DgnQsm/CAcCnpU0AyP2Psc","action":"Poll GetUpdate request", "result":"", "context":cV=DgnQsm/CAcCnpU0AyP2Psc}
{"logTime": "1228/060330", "correlationVector":"DgnQsm/CAcCnpU0AyP2Psc.1","action":"SyncServerConnectionManagerRequest", "result":"SYNC_SERVER_OK", "context":{"environment":"Prod_WestEurope_000l", "migrationStage":"NotStarted", "server":"general0100000Y"}}
{"logTime": "1228/060330", "correlationVector":"DgnQsm/CAcCnpU0AyP2Psc.2","action":"GetUpdates", "result":"DeleteReceived", "context":{"id":"bbbac950-9b13-423f-ac0a-6772bd35526e", "isDeleted:":"true", "version":"1735365811713"}}
{"logTime": "1228/060330", "correlationVector":"DgnQsm/CAcCnpU0AyP2Psc.3","action":"GetUpdates", "result":"DeleteReceived", "context":{"id":"0bd86f5c-5f7f-4ccc-9b53-6481659f8a36", "isDeleted:":"true", "version":"1735365811714"}}
{"logTime": "1228/060330", "correlationVector":"DgnQsm/CAcCnpU0AyP2Psc.4","action":"GetUpdates", "result":"DeleteReceived", "context":{"id":"6528afce-9fa7-48bf-85bc-1d6df6caed2e", "isDeleted:":"true", "version":"1735365811715"}}
{"logTime": "1228/060330", "correlationVector":"DgnQsm/CAcCnpU0AyP2Psc.5","action":"GetUpdates", "result":"DeleteReceived", "context":{"id":"0e102f61-32d3-4e0e-9ff8-744f23aceaaf", "isDeleted:":"true", "version":"1735365811717"}}
{"logTime": "1228/060330", "correlationVector":"DgnQsm/CAcCnpU0AyP2Psc.6","action":"GetUpdates", "result":"DeleteReceived", "context":{"id":"7738b556-7869-466d-bd44-fea2067bb476", "isDeleted:":"true", "version":"1735365811718"}}
{"logTime": "1228/060330", "correlationVector":"DgnQsm/CAcCnpU0AyP2Psc.7","action":"GetUpdates", "result":"DeleteReceived", "context":{"id":"abbfc098-d178-4c76-9dfc-d73b3c6b603b", "isDeleted:":"true", "version":"1735365811719"}}
{"logTime": "1228/060330", "correlationVector":"DgnQsm/CAcCnpU0AyP2Psc.8","action":"GetUpdates", "result":"DeleteReceived", "context":{"id":"64816304-4c26-481b-a964-b463e0621d20", "isDeleted:":"true", "version":"1735365811720"}}
{"logTime": "1228/060330", "correlationVector":"DgnQsm/CAcCnpU0AyP2Psc.9","action":"GetUpdates", "result":"DeleteReceived", "context":{"id":"e7862f71-8f76-49d9-a078-affb07015a3b", "isDeleted:":"true", "version":"1735365811721"}}
{"logTime": "1228/060330", "correlationVector":"DgnQsm/CAcCnpU0AyP2Psc.10","action":"GetUpdates", "result":"DeleteReceived", "context":{"id":"1b05e95e-d071-4136-818b-ad8d2ab838bd", "isDeleted:":"true", "version":"1735365811722"}}
{"logTime": "1228/060330", "correlationVector":"DgnQsm/CAcCnpU0AyP2Psc.11","action":"GetUpdates", "result":"DeleteReceived", "context":{"id":"fafc3c8d-f99a-4b9e-aaee-ce7d9ea1fd43", "isDeleted:":"true", "version":"1735365811723"}}
{"logTime": "1228/060330", "correlationVector":"DgnQsm/CAcCnpU0AyP2Psc.12","action":"GetUpdates", "result":"DeleteReceived", "context":{"id":"8547e21c-a7f6-455e-abfb-dcf24d659e81", "isDeleted:":"true", "version":"1735365811724"}}
{"logTime": "1228/060330", "correlationVector":"DgnQsm/CAcCnpU0AyP2Psc.13","action":"GetUpdates", "result":"DeleteReceived", "context":{"id":"90eb197f-c8f9-4e28-b878-65a084a4f6ac", "isDeleted:":"true", "version":"1735365811725"}}
{"logTime": "1228/060330", "correlationVector":"DgnQsm/CAcCnpU0AyP2Psc.14","action":"GetUpdates", "result":"DeleteReceived", "context":{"id":"8a2af909-389a-4b89-a89b-4db1dff4cb10", "isDeleted:":"true", "version":"1735365811726"}}
{"logTime": "1228/060330", "correlationVector":"DgnQsm/CAcCnpU0AyP2Psc.15","action":"GetUpdates Response", "result":"Success", "context":Received 16 update(s). cV=DgnQsm/CAcCnpU0AyP2Psc.0;server=general0100000Y;cloudType=Consumer;environment=Prod_WestEurope_000l;migrationStage=NotStarted}
{"logTime": "1228/060424", "correlationVector":"mEg2+20fMPkG4Is5o/RoJR","action":"Commit Request", "result":"", "context":Item count: 1
Contributing types: Sessions}
{"logTime": "1228/060426", "correlationVector":"mEg2+20fMPkG4Is5o/RoJR.1","action":"SyncServerConnectionManagerRequest", "result":"SYNC_SERVER_OK", "context":{"environment":"Prod_WestEurope_000l", "migrationStage":"NotStarted", "server":"GENERAL0100000R"}}
{"logTime": "1228/060426", "correlationVector":"mEg2+20fMPkG4Is5o/RoJR.2","action":"Commit Response", "result":"Success", "context":Result: Success. cV=mEg2+20fMPkG4Is5o/RoJR.0;server=GENERAL0100000R;cloudType=Consumer;environment=Prod_WestEurope_000l;migrationStage=NotStarted}
