2025-01-06 06:21:08.535: [INFO][Sync] Reset engine, reason: 8
2025-01-06 06:21:08.535: [INFO][Sync] Stopped: Bookmarks
2025-01-06 06:21:08.535: [INFO][Sync] Stopped: Preferences
2025-01-06 06:21:08.535: [INFO][Sync] Stopped: Passwords
2025-01-06 06:21:08.535: [INFO][Sync] Stopped: Autofill Profiles
2025-01-06 06:21:08.535: [INFO][Sync] Stopped: Autofill
2025-01-06 06:21:08.535: [INFO][Sync] Stopped: Typed URLs
2025-01-06 06:21:08.535: [INFO][Sync] Stopped: Extensions
2025-01-06 06:21:08.535: [INFO][Sync] Stopped: Sessions
2025-01-06 06:21:08.535: [INFO][Sync] Stopped: Extension settings
2025-01-06 06:21:08.535: [INFO][Sync] Stopped: History Delete Directives
2025-01-06 06:21:08.535: [INFO][Sync] Stopped: Device Info
2025-01-06 06:21:08.535: [INFO][Sync] Stopped: User Consents
2025-01-06 06:21:08.535: [INFO][Sync] Stopped: Send Tab To Self
2025-01-06 06:21:08.535: [INFO][Sync] Stopped: Web Apps
2025-01-06 06:21:08.535: [INFO][Sync] Stopped: History
2025-01-06 06:21:08.535: [INFO][Sync] Stopped: Collection
2025-01-06 06:21:08.535: [INFO][Sync] Stopped: Edge E Drop
2025-01-06 06:21:08.535: [INFO][Sync] Stopped: Edge Hub App Usage
2025-01-06 06:21:08.535: [INFO][Sync] Stopped: Edge Tab Group
2025-01-06 06:21:08.535: [INFO][Sync] Stopped: Edge Wallet
2025-01-06 06:21:08.535: [INFO][Sync] SyncState after authenticated was: NotSignedIn
2025-01-06 06:21:08.715: [INFO][Sync] Reset engine, reason: 8
2025-01-06 06:21:08.715: [INFO][Sync] Stopped: Bookmarks
2025-01-06 06:21:08.715: [INFO][Sync] Stopped: Preferences
2025-01-06 06:21:08.715: [INFO][Sync] Stopped: Passwords
2025-01-06 06:21:08.715: [INFO][Sync] Stopped: Autofill Profiles
2025-01-06 06:21:08.715: [INFO][Sync] Stopped: Autofill
2025-01-06 06:21:08.715: [INFO][Sync] Stopped: Typed URLs
2025-01-06 06:21:08.715: [INFO][Sync] Stopped: Extensions
2025-01-06 06:21:08.715: [INFO][Sync] Stopped: Sessions
2025-01-06 06:21:08.715: [INFO][Sync] Stopped: Extension settings
2025-01-06 06:21:08.715: [INFO][Sync] Stopped: History Delete Directives
2025-01-06 06:21:08.715: [INFO][Sync] Stopped: Device Info
2025-01-06 06:21:08.715: [INFO][Sync] Stopped: User Consents
2025-01-06 06:21:08.715: [INFO][Sync] Stopped: Send Tab To Self
2025-01-06 06:21:08.715: [INFO][Sync] Stopped: Web Apps
2025-01-06 06:21:08.715: [INFO][Sync] Stopped: History
2025-01-06 06:21:08.715: [INFO][Sync] Stopped: Collection
2025-01-06 06:21:08.715: [INFO][Sync] Stopped: Edge E Drop
2025-01-06 06:21:08.715: [INFO][Sync] Stopped: Edge Hub App Usage
2025-01-06 06:21:08.715: [INFO][Sync] Stopped: Edge Tab Group
2025-01-06 06:21:08.715: [INFO][Sync] Stopped: Edge Wallet
2025-01-06 06:21:08.814: [INFO][Sync] Try to start sync engine
2025-01-06 06:21:08.815: [INFO][SyncManagerImpl::NudgeForInitialDownload] Initial download nudge for Encryption Keys
2025-01-06 06:21:08.815: [INFO][SyncEngineBackend::LoadAndConnectNigoriController] Load and connect Nigori controller
2025-01-06 06:21:08.815: [INFO][SyncEngineBackend::DoInitialize] Control Types added: Encryption Keys
2025-01-06 06:21:08.815: [INFO][SyncManagerImpl::ConfigureSyncer] Types to download: Encryption Keys with reason: 3
2025-01-06 06:21:08.815: [INFO][SyncSchedulerImpl::DoConfigurationSyncCycleJob] Configure job was blocked
2025-01-06 06:21:08.936: [INFO][SyncAuthManager::SetLastAuthError] Current auth error: None
2025-01-06 06:21:08.936: [INFO][SyncAuthManager::EdgeLogTokenErrorState] Token error with: None for account type: MSA
2025-01-06 06:21:08.936: [INFO][Sync] Credentials changed for: EdgeSyncScopeNew
2025-01-06 06:21:10.202: [INFO][SyncAuthManager::SetLastAuthError] Current auth error: None
2025-01-06 06:21:10.202: [INFO][SyncAuthManager::EdgeLogTokenErrorState] Token error with: None for account type: MSA
2025-01-06 06:21:10.202: [INFO][Sync] Credentials changed for: EdgeSyncKeyDataScope
2025-01-06 06:21:10.202: [INFO][SyncEngineBackend::DoUpdateKeyDataCredentials] Update key data credentials
2025-01-06 06:21:10.202: [INFO][SyncEngineBackend::DoUpdateCredentials] Update credentials
2025-01-06 06:21:10.202: [INFO][SyncSchedulerImpl::DoConfigurationSyncCycleJob] Blocked types:  and types to download: Encryption Keys
2025-01-06 06:21:11.451: [INFO][Sync] Started DataTypeManager configuration, reason: 4
2025-01-06 06:21:11.451: [INFO][Sync] Configuring for: Bookmarks, Preferences, Passwords, Autofill Profiles, Autofill, Typed URLs, Extensions, Sessions, Extension settings, History Delete Directives, Device Info, User Consents, Send Tab To Self, Web Apps, Collection, Edge E Drop, Edge Hub App Usage, Edge Tab Group, Edge Wallet, Encryption Keys, reason: 3, current state: 0
2025-01-06 06:21:11.452: [INFO][Sync] Configure, desired: Bookmarks, Preferences, Typed URLs, Extensions, Sessions, Extension settings, History Delete Directives, Device Info, User Consents, Send Tab To Self, Web Apps, Collection, Edge E Drop, Edge Hub App Usage, Edge Tab Group, Edge Wallet, Encryption Keys; Allow fail: Passwords, Autofill Profiles, Autofill
2025-01-06 06:21:11.452: [INFO][Sync] Loading: Bookmarks
2025-01-06 06:21:11.452: [INFO][Sync] Loading: Preferences
2025-01-06 06:21:11.452: [INFO][Sync] Loading: Typed URLs
2025-01-06 06:21:11.452: [INFO][Sync] Loading: Extensions
2025-01-06 06:21:11.452: [INFO][Sync] Loading: Sessions
2025-01-06 06:21:11.452: [INFO][Sync] Loading: Extension settings
2025-01-06 06:21:11.452: [INFO][Sync] Loading: History Delete Directives
2025-01-06 06:21:11.452: [INFO][Sync] Loading: Device Info
2025-01-06 06:21:11.452: [INFO][Sync] Loading: User Consents
2025-01-06 06:21:11.452: [INFO][Sync] Loading: Send Tab To Self
2025-01-06 06:21:11.452: [INFO][Sync] Loading: Web Apps
2025-01-06 06:21:11.452: [INFO][Sync] Loading: Collection
2025-01-06 06:21:11.452: [INFO][Sync] Loading: Edge E Drop
2025-01-06 06:21:11.452: [INFO][Sync] Loading: Edge Hub App Usage
2025-01-06 06:21:11.452: [INFO][Sync] Loading: Edge Tab Group
2025-01-06 06:21:11.452: [INFO][Sync] Loading: Edge Wallet
2025-01-06 06:21:11.453: [INFO][Sync] All data types are ready for configure.
2025-01-06 06:21:12.777: [INFO][SyncEngineBackend::DoStartConfiguration] Start configuration
2025-01-06 06:21:12.777: [INFO][SyncManagerImpl::NudgeForInitialDownload] Initial download nudge for Bookmarks
2025-01-06 06:21:12.777: [INFO][SyncManagerImpl::NudgeForInitialDownload] Initial download nudge for Preferences
2025-01-06 06:21:12.777: [INFO][SyncManagerImpl::NudgeForInitialDownload] Initial download nudge for Typed URLs
2025-01-06 06:21:12.777: [INFO][SyncManagerImpl::NudgeForInitialDownload] Initial download nudge for Extensions
2025-01-06 06:21:12.777: [INFO][SyncManagerImpl::NudgeForInitialDownload] Initial download nudge for Sessions
2025-01-06 06:21:12.777: [INFO][SyncManagerImpl::NudgeForInitialDownload] Initial download nudge for Extension settings
2025-01-06 06:21:12.777: [INFO][SyncManagerImpl::NudgeForInitialDownload] Initial download nudge for History Delete Directives
2025-01-06 06:21:12.777: [INFO][SyncManagerImpl::NudgeForInitialDownload] Initial download nudge for Device Info
2025-01-06 06:21:12.777: [INFO][SyncManagerImpl::NudgeForInitialDownload] Initial download nudge for Send Tab To Self
2025-01-06 06:21:12.777: [INFO][SyncManagerImpl::NudgeForInitialDownload] Initial download nudge for Web Apps
2025-01-06 06:21:12.777: [INFO][SyncManagerImpl::NudgeForInitialDownload] Initial download nudge for Collection
2025-01-06 06:21:12.777: [INFO][SyncManagerImpl::NudgeForInitialDownload] Initial download nudge for Edge E Drop
2025-01-06 06:21:12.777: [INFO][SyncManagerImpl::NudgeForInitialDownload] Initial download nudge for Edge Hub App Usage
2025-01-06 06:21:12.777: [INFO][SyncManagerImpl::NudgeForInitialDownload] Initial download nudge for Edge Tab Group
2025-01-06 06:21:12.777: [INFO][SyncManagerImpl::NudgeForInitialDownload] Initial download nudge for Edge Wallet
2025-01-06 06:21:12.777: [INFO][SyncManagerImpl::ConfigureSyncer] Types to download:  with reason: 3
2025-01-06 06:21:12.777: [INFO][SyncEngineBackend::DoFinishConfigureDataTypes] Failed to download types:  and succeeded types: 
2025-01-06 06:21:12.778: [INFO][Sync] Started DataTypeManager configuration, reason: 5
2025-01-06 06:21:12.778: [INFO][Sync] Configuring for: Bookmarks, Preferences, Passwords, Autofill Profiles, Autofill, Typed URLs, Extensions, Sessions, Extension settings, History Delete Directives, Device Info, User Consents, Send Tab To Self, Web Apps, Collection, Edge E Drop, Edge Hub App Usage, Edge Tab Group, Edge Wallet, Encryption Keys, reason: 5, current state: 1
2025-01-06 06:21:12.779: [INFO][Sync] ConfigurationDone, failed: , succeeded: , remaining count: 3
2025-01-06 06:21:12.779: [WARN][Sync]     Reconfigure requested while configuration ongoing.
2025-01-06 06:21:12.779: [INFO][Sync] Configuring for: Bookmarks, Preferences, Passwords, Autofill Profiles, Autofill, Typed URLs, Extensions, Sessions, Extension settings, History Delete Directives, Device Info, User Consents, Send Tab To Self, Web Apps, Collection, Edge E Drop, Edge Hub App Usage, Edge Tab Group, Edge Wallet, Encryption Keys, reason: 5, current state: 2
2025-01-06 06:21:12.779: [INFO][Sync] Configure, desired: Bookmarks, Preferences, Passwords, Autofill Profiles, Autofill, Typed URLs, Extensions, Sessions, Extension settings, History Delete Directives, Device Info, User Consents, Send Tab To Self, Web Apps, Collection, Edge E Drop, Edge Hub App Usage, Edge Tab Group, Edge Wallet, Encryption Keys; Allow fail: 
2025-01-06 06:21:12.779: [INFO][Sync] Loading: Passwords
2025-01-06 06:21:12.779: [INFO][Sync] Loading: Autofill Profiles
2025-01-06 06:21:12.779: [INFO][Sync] Loading: Autofill
2025-01-06 06:21:12.779: [INFO][Sync] All data types are ready for configure.
2025-01-06 06:21:12.779: [INFO][SyncManagerImpl::NudgeForInitialDownload] Initial download nudge for Passwords
2025-01-06 06:21:12.779: [INFO][SyncManagerImpl::NudgeForInitialDownload] Initial download nudge for Autofill Profiles
2025-01-06 06:21:12.779: [INFO][SyncManagerImpl::NudgeForInitialDownload] Initial download nudge for Autofill
2025-01-06 06:21:12.779: [INFO][SyncManagerImpl::ConfigureSyncer] Types to download:  with reason: 5
2025-01-06 06:21:12.779: [INFO][SyncEngineBackend::DoFinishConfigureDataTypes] Failed to download types:  and succeeded types: 
2025-01-06 06:21:12.779: [INFO][Sync] ConfigurationDone, failed: , succeeded: , remaining count: 3
2025-01-06 06:21:12.779: [INFO][Sync] Prepare to configure types: Preferences, Passwords, Device Info, Send Tab To Self, Edge E Drop, Encryption Keys
2025-01-06 06:21:12.779: [INFO][SyncManagerImpl::ConfigureSyncer] Types to download: Preferences, Passwords, Device Info, Send Tab To Self, Edge E Drop, Encryption Keys with reason: 5
2025-01-06 06:21:12.779: [INFO][SyncSchedulerImpl::DoConfigurationSyncCycleJob] Blocked types:  and types to download: Preferences, Passwords, Device Info, Send Tab To Self, Edge E Drop, Encryption Keys
2025-01-06 06:21:13.259: [INFO][SyncEngineBackend::DoFinishConfigureDataTypes] Failed to download types:  and succeeded types: Preferences, Passwords, Device Info, Send Tab To Self, Edge E Drop, Encryption Keys
2025-01-06 06:21:13.265: [INFO][Sync] ConfigurationDone, failed: , succeeded: Preferences, Passwords, Device Info, Send Tab To Self, Edge E Drop, Encryption Keys, remaining count: 2
2025-01-06 06:21:13.265: [INFO][Sync] Prepare to configure types: Bookmarks, Encryption Keys
2025-01-06 06:21:13.265: [INFO][SyncManagerImpl::ConfigureSyncer] Types to download: Bookmarks, Encryption Keys with reason: 5
2025-01-06 06:21:13.265: [INFO][SyncSchedulerImpl::DoConfigurationSyncCycleJob] Blocked types:  and types to download: Bookmarks, Encryption Keys
2025-01-06 06:21:13.550: [INFO][SyncEngineBackend::DoFinishConfigureDataTypes] Failed to download types:  and succeeded types: Bookmarks, Encryption Keys
2025-01-06 06:21:13.551: [INFO][Sync] ConfigurationDone, failed: , succeeded: Bookmarks, Encryption Keys, remaining count: 1
2025-01-06 06:21:13.551: [INFO][Sync] Prepare to configure types: Autofill Profiles, Autofill, Typed URLs, Extensions, Sessions, Extension settings, History Delete Directives, Web Apps, Collection, Edge Hub App Usage, Edge Tab Group, Edge Wallet, Encryption Keys
2025-01-06 06:21:13.552: [INFO][SyncManagerImpl::ConfigureSyncer] Types to download: Autofill Profiles, Autofill, Typed URLs, Extensions, Sessions, Extension settings, History Delete Directives, Web Apps, Collection, Edge Hub App Usage, Edge Tab Group, Edge Wallet, Encryption Keys with reason: 5
2025-01-06 06:21:13.552: [INFO][SyncSchedulerImpl::DoConfigurationSyncCycleJob] Blocked types:  and types to download: Autofill Profiles, Autofill, Typed URLs, Extensions, Sessions, Extension settings, History Delete Directives, Web Apps, Collection, Edge Hub App Usage, Edge Tab Group, Edge Wallet, Encryption Keys
2025-01-06 06:21:14.652: [INFO][SyncEngineBackend::DoFinishConfigureDataTypes] Failed to download types:  and succeeded types: Autofill Profiles, Autofill, Typed URLs, Extensions, Sessions, Extension settings, History Delete Directives, Web Apps, Collection, Edge Hub App Usage, Edge Tab Group, Edge Wallet, Encryption Keys
2025-01-06 06:21:14.652: [INFO][Sync] ConfigurationDone, failed: , succeeded: Autofill Profiles, Autofill, Typed URLs, Extensions, Sessions, Extension settings, History Delete Directives, Web Apps, Collection, Edge Hub App Usage, Edge Tab Group, Edge Wallet, Encryption Keys, remaining count: 0
2025-01-06 06:21:14.653: [INFO][Sync]     Configuration completed, state: 7
2025-01-06 06:21:14.653: [INFO][Sync] Configured DataTypeManager: Ok
2025-01-06 06:21:14.654: [INFO][SyncEngineBackend::DoStartSyncing] Start syncing
2025-01-06 06:22:22.886: [INFO][Sync] Reset engine, reason: 0
2025-01-06 06:22:22.886: [INFO][Sync] Reset engine with reason: 0
2025-01-06 06:29:41.579: [INFO][Sync] SyncState after authenticated was: FeatureCanStart
2025-01-06 06:29:41.901: [INFO][Sync] Try to start sync engine
2025-01-06 06:29:41.902: [INFO][SyncManagerImpl::NudgeForInitialDownload] Initial download nudge for Encryption Keys
2025-01-06 06:29:41.902: [INFO][SyncEngineBackend::LoadAndConnectNigoriController] Load and connect Nigori controller
2025-01-06 06:29:41.902: [INFO][SyncEngineBackend::DoInitialize] Control Types added: Encryption Keys
2025-01-06 06:29:41.902: [INFO][SyncManagerImpl::ConfigureSyncer] Types to download: Encryption Keys with reason: 3
2025-01-06 06:29:41.902: [INFO][SyncSchedulerImpl::DoConfigurationSyncCycleJob] Configure job was blocked
2025-01-06 06:29:41.936: [INFO][SyncAuthManager::SetLastAuthError] Current auth error: None
2025-01-06 06:29:41.936: [INFO][SyncAuthManager::EdgeLogTokenErrorState] Token error with: None for account type: MSA
2025-01-06 06:29:41.936: [INFO][Sync] Credentials changed for: EdgeSyncScopeNew
2025-01-06 06:29:43.065: [INFO][SyncAuthManager::SetLastAuthError] Current auth error: None
2025-01-06 06:29:43.065: [INFO][SyncAuthManager::EdgeLogTokenErrorState] Token error with: None for account type: MSA
2025-01-06 06:29:43.065: [INFO][Sync] Credentials changed for: EdgeSyncKeyDataScope
2025-01-06 06:29:43.066: [INFO][SyncEngineBackend::DoUpdateKeyDataCredentials] Update key data credentials
2025-01-06 06:29:43.066: [INFO][SyncEngineBackend::DoUpdateCredentials] Update credentials
2025-01-06 06:29:43.066: [INFO][SyncSchedulerImpl::DoConfigurationSyncCycleJob] Blocked types:  and types to download: Encryption Keys
2025-01-06 06:29:44.967: [INFO][Sync] Started DataTypeManager configuration, reason: 4
2025-01-06 06:29:44.967: [INFO][Sync] Configuring for: Bookmarks, Preferences, Passwords, Autofill Profiles, Autofill, Typed URLs, Extensions, Sessions, Extension settings, History Delete Directives, Device Info, User Consents, Send Tab To Self, Web Apps, Collection, Edge E Drop, Edge Hub App Usage, Edge Tab Group, Edge Wallet, Encryption Keys, reason: 4, current state: 0
2025-01-06 06:29:44.968: [INFO][Sync] Configure, desired: Bookmarks, Preferences, Typed URLs, Extensions, Sessions, Extension settings, History Delete Directives, Device Info, User Consents, Send Tab To Self, Web Apps, Collection, Edge E Drop, Edge Hub App Usage, Edge Tab Group, Edge Wallet, Encryption Keys; Allow fail: Passwords, Autofill Profiles, Autofill
2025-01-06 06:29:44.968: [INFO][Sync] Loading: Bookmarks
2025-01-06 06:29:44.968: [INFO][Sync] Loading: Preferences
2025-01-06 06:29:44.968: [INFO][Sync] Loading: Typed URLs
2025-01-06 06:29:44.968: [INFO][Sync] Loading: Extensions
2025-01-06 06:29:44.968: [INFO][Sync] Loading: Sessions
2025-01-06 06:29:44.968: [INFO][Sync] Loading: Extension settings
2025-01-06 06:29:44.968: [INFO][Sync] Loading: History Delete Directives
2025-01-06 06:29:44.968: [INFO][Sync] Loading: Device Info
2025-01-06 06:29:44.968: [INFO][Sync] Loading: User Consents
2025-01-06 06:29:44.968: [INFO][Sync] Loading: Send Tab To Self
2025-01-06 06:29:44.968: [INFO][Sync] Loading: Web Apps
2025-01-06 06:29:44.968: [INFO][Sync] Loading: Collection
2025-01-06 06:29:44.968: [INFO][Sync] Loading: Edge E Drop
2025-01-06 06:29:44.968: [INFO][Sync] Loading: Edge Hub App Usage
2025-01-06 06:29:44.968: [INFO][Sync] Loading: Edge Tab Group
2025-01-06 06:29:44.968: [INFO][Sync] Loading: Edge Wallet
2025-01-06 06:29:44.970: [INFO][Sync] All data types are ready for configure.
2025-01-06 06:29:45.826: [INFO][SyncEngineBackend::DoStartConfiguration] Start configuration
2025-01-06 06:29:45.826: [INFO][SyncManagerImpl::ConfigureSyncer] Types to download:  with reason: 4
2025-01-06 06:29:45.826: [INFO][SyncEngineBackend::DoFinishConfigureDataTypes] Failed to download types:  and succeeded types: 
2025-01-06 06:29:45.826: [INFO][Sync] Started DataTypeManager configuration, reason: 5
2025-01-06 06:29:45.826: [INFO][Sync] Configuring for: Bookmarks, Preferences, Passwords, Autofill Profiles, Autofill, Typed URLs, Extensions, Sessions, Extension settings, History Delete Directives, Device Info, User Consents, Send Tab To Self, Web Apps, Collection, Edge E Drop, Edge Hub App Usage, Edge Tab Group, Edge Wallet, Encryption Keys, reason: 5, current state: 1
2025-01-06 06:29:45.827: [INFO][Sync] ConfigurationDone, failed: , succeeded: , remaining count: 3
2025-01-06 06:29:45.827: [WARN][Sync]     Reconfigure requested while configuration ongoing.
2025-01-06 06:29:45.827: [INFO][Sync] Configuring for: Bookmarks, Preferences, Passwords, Autofill Profiles, Autofill, Typed URLs, Extensions, Sessions, Extension settings, History Delete Directives, Device Info, User Consents, Send Tab To Self, Web Apps, Collection, Edge E Drop, Edge Hub App Usage, Edge Tab Group, Edge Wallet, Encryption Keys, reason: 5, current state: 2
2025-01-06 06:29:45.827: [INFO][Sync] Configure, desired: Bookmarks, Preferences, Passwords, Autofill Profiles, Autofill, Typed URLs, Extensions, Sessions, Extension settings, History Delete Directives, Device Info, User Consents, Send Tab To Self, Web Apps, Collection, Edge E Drop, Edge Hub App Usage, Edge Tab Group, Edge Wallet, Encryption Keys; Allow fail: 
2025-01-06 06:29:45.827: [INFO][Sync] Loading: Passwords
2025-01-06 06:29:45.827: [INFO][Sync] Loading: Autofill Profiles
2025-01-06 06:29:45.827: [INFO][Sync] Loading: Autofill
2025-01-06 06:29:45.828: [INFO][Sync] All data types are ready for configure.
2025-01-06 06:29:45.828: [INFO][SyncManagerImpl::NudgeForInitialDownload] Initial download nudge for Passwords
2025-01-06 06:29:45.828: [INFO][SyncManagerImpl::ConfigureSyncer] Types to download:  with reason: 5
2025-01-06 06:29:45.828: [INFO][SyncEngineBackend::DoFinishConfigureDataTypes] Failed to download types:  and succeeded types: 
2025-01-06 06:29:45.828: [INFO][Sync] ConfigurationDone, failed: , succeeded: , remaining count: 3
2025-01-06 06:29:45.828: [INFO][Sync] Prepare to configure types: Passwords, Encryption Keys
2025-01-06 06:29:45.828: [INFO][SyncManagerImpl::ConfigureSyncer] Types to download: Passwords, Encryption Keys with reason: 5
2025-01-06 06:29:45.828: [INFO][SyncSchedulerImpl::DoConfigurationSyncCycleJob] Blocked types:  and types to download: Passwords, Encryption Keys
2025-01-06 06:29:46.196: [INFO][SyncEngineBackend::DoFinishConfigureDataTypes] Failed to download types:  and succeeded types: Passwords, Encryption Keys
2025-01-06 06:29:46.197: [INFO][Sync] ConfigurationDone, failed: , succeeded: Passwords, Encryption Keys, remaining count: 2
2025-01-06 06:29:46.197: [INFO][SyncManagerImpl::ConfigureSyncer] Types to download:  with reason: 5
2025-01-06 06:29:46.197: [INFO][SyncEngineBackend::DoFinishConfigureDataTypes] Failed to download types:  and succeeded types: 
2025-01-06 06:29:46.197: [INFO][Sync] ConfigurationDone, failed: , succeeded: , remaining count: 1
2025-01-06 06:29:46.198: [INFO][SyncManagerImpl::ConfigureSyncer] Types to download:  with reason: 5
2025-01-06 06:29:46.198: [INFO][SyncEngineBackend::DoFinishConfigureDataTypes] Failed to download types:  and succeeded types: 
2025-01-06 06:29:46.200: [INFO][Sync] ConfigurationDone, failed: , succeeded: , remaining count: 0
2025-01-06 06:29:46.201: [INFO][Sync]     Configuration completed, state: 7
2025-01-06 06:29:46.201: [INFO][Sync] Configured DataTypeManager: Ok
2025-01-06 06:29:46.203: [INFO][SyncEngineBackend::DoStartSyncing] Start syncing
2025-01-06 06:31:19.328: [INFO][Sync] Reset engine, reason: 0
2025-01-06 06:31:19.328: [INFO][Sync] Reset engine with reason: 0
2025-01-06 06:45:39.179: [INFO][Sync] SyncState after authenticated was: FeatureCanStart
2025-01-06 06:45:39.519: [INFO][Sync] Try to start sync engine
2025-01-06 06:45:39.521: [INFO][SyncManagerImpl::NudgeForInitialDownload] Initial download nudge for Encryption Keys
2025-01-06 06:45:39.521: [INFO][SyncEngineBackend::LoadAndConnectNigoriController] Load and connect Nigori controller
2025-01-06 06:45:39.521: [INFO][SyncEngineBackend::DoInitialize] Control Types added: Encryption Keys
2025-01-06 06:45:39.521: [INFO][SyncManagerImpl::ConfigureSyncer] Types to download: Encryption Keys with reason: 3
2025-01-06 06:45:39.521: [INFO][SyncSchedulerImpl::DoConfigurationSyncCycleJob] Configure job was blocked
2025-01-06 06:45:39.559: [INFO][SyncAuthManager::SetLastAuthError] Current auth error: None
2025-01-06 06:45:39.559: [INFO][SyncAuthManager::EdgeLogTokenErrorState] Token error with: None for account type: MSA
2025-01-06 06:45:39.559: [INFO][Sync] Credentials changed for: EdgeSyncScopeNew
2025-01-06 06:45:40.692: [INFO][SyncAuthManager::SetLastAuthError] Current auth error: None
2025-01-06 06:45:40.692: [INFO][SyncAuthManager::EdgeLogTokenErrorState] Token error with: None for account type: MSA
2025-01-06 06:45:40.692: [INFO][Sync] Credentials changed for: EdgeSyncKeyDataScope
2025-01-06 06:45:40.692: [INFO][SyncEngineBackend::DoUpdateKeyDataCredentials] Update key data credentials
2025-01-06 06:45:40.692: [INFO][SyncEngineBackend::DoUpdateCredentials] Update credentials
2025-01-06 06:45:40.692: [INFO][SyncSchedulerImpl::DoConfigurationSyncCycleJob] Blocked types:  and types to download: Encryption Keys
2025-01-06 06:45:42.310: [INFO][Sync] Started DataTypeManager configuration, reason: 4
2025-01-06 06:45:42.310: [INFO][Sync] Configuring for: Bookmarks, Preferences, Passwords, Autofill Profiles, Autofill, Typed URLs, Extensions, Sessions, Extension settings, History Delete Directives, Device Info, User Consents, Send Tab To Self, Web Apps, Collection, Edge E Drop, Edge Hub App Usage, Edge Tab Group, Edge Wallet, Encryption Keys, reason: 4, current state: 0
2025-01-06 06:45:42.311: [INFO][Sync] Configure, desired: Bookmarks, Preferences, Typed URLs, Extensions, Sessions, Extension settings, History Delete Directives, Device Info, User Consents, Send Tab To Self, Web Apps, Collection, Edge E Drop, Edge Hub App Usage, Edge Tab Group, Edge Wallet, Encryption Keys; Allow fail: Passwords, Autofill Profiles, Autofill
2025-01-06 06:45:42.311: [INFO][Sync] Loading: Bookmarks
2025-01-06 06:45:42.311: [INFO][Sync] Loading: Preferences
2025-01-06 06:45:42.311: [INFO][Sync] Loading: Typed URLs
2025-01-06 06:45:42.311: [INFO][Sync] Loading: Extensions
2025-01-06 06:45:42.311: [INFO][Sync] Loading: Sessions
2025-01-06 06:45:42.311: [INFO][Sync] Loading: Extension settings
2025-01-06 06:45:42.311: [INFO][Sync] Loading: History Delete Directives
2025-01-06 06:45:42.311: [INFO][Sync] Loading: Device Info
2025-01-06 06:45:42.311: [INFO][Sync] Loading: User Consents
2025-01-06 06:45:42.311: [INFO][Sync] Loading: Send Tab To Self
2025-01-06 06:45:42.311: [INFO][Sync] Loading: Web Apps
2025-01-06 06:45:42.311: [INFO][Sync] Loading: Collection
2025-01-06 06:45:42.311: [INFO][Sync] Loading: Edge E Drop
2025-01-06 06:45:42.311: [INFO][Sync] Loading: Edge Hub App Usage
2025-01-06 06:45:42.311: [INFO][Sync] Loading: Edge Tab Group
2025-01-06 06:45:42.311: [INFO][Sync] Loading: Edge Wallet
2025-01-06 06:45:42.314: [INFO][Sync] All data types are ready for configure.
2025-01-06 06:45:44.846: [INFO][Sync] Started DataTypeManager configuration, reason: 5
2025-01-06 06:45:44.846: [INFO][Sync] Configuring for: Bookmarks, Preferences, Passwords, Autofill Profiles, Autofill, Typed URLs, Extensions, Sessions, Extension settings, History Delete Directives, Device Info, User Consents, Send Tab To Self, Web Apps, Collection, Edge E Drop, Edge Hub App Usage, Edge Tab Group, Edge Wallet, Encryption Keys, reason: 5, current state: 1
2025-01-06 06:45:44.846: [INFO][SyncEngineBackend::DoStartConfiguration] Start configuration
2025-01-06 06:45:44.847: [INFO][SyncManagerImpl::ConfigureSyncer] Types to download:  with reason: 4
2025-01-06 06:45:44.847: [INFO][SyncEngineBackend::DoFinishConfigureDataTypes] Failed to download types:  and succeeded types: 
2025-01-06 06:45:44.847: [INFO][Sync] ConfigurationDone, failed: , succeeded: , remaining count: 3
2025-01-06 06:45:44.847: [WARN][Sync]     Reconfigure requested while configuration ongoing.
2025-01-06 06:45:44.847: [INFO][Sync] Configuring for: Bookmarks, Preferences, Passwords, Autofill Profiles, Autofill, Typed URLs, Extensions, Sessions, Extension settings, History Delete Directives, Device Info, User Consents, Send Tab To Self, Web Apps, Collection, Edge E Drop, Edge Hub App Usage, Edge Tab Group, Edge Wallet, Encryption Keys, reason: 5, current state: 2
2025-01-06 06:45:44.847: [INFO][Sync] Configure, desired: Bookmarks, Preferences, Passwords, Autofill Profiles, Autofill, Typed URLs, Extensions, Sessions, Extension settings, History Delete Directives, Device Info, User Consents, Send Tab To Self, Web Apps, Collection, Edge E Drop, Edge Hub App Usage, Edge Tab Group, Edge Wallet, Encryption Keys; Allow fail: 
2025-01-06 06:45:44.847: [INFO][Sync] Loading: Passwords
2025-01-06 06:45:44.847: [INFO][Sync] Loading: Autofill Profiles
2025-01-06 06:45:44.847: [INFO][Sync] Loading: Autofill
2025-01-06 06:45:44.847: [INFO][Sync] All data types are ready for configure.
2025-01-06 06:45:44.847: [INFO][SyncManagerImpl::NudgeForInitialDownload] Initial download nudge for Passwords
2025-01-06 06:45:44.847: [INFO][SyncManagerImpl::ConfigureSyncer] Types to download:  with reason: 5
2025-01-06 06:45:44.847: [INFO][SyncEngineBackend::DoFinishConfigureDataTypes] Failed to download types:  and succeeded types: 
2025-01-06 06:45:44.847: [INFO][Sync] ConfigurationDone, failed: , succeeded: , remaining count: 3
2025-01-06 06:45:44.847: [INFO][Sync] Prepare to configure types: Passwords, Encryption Keys
2025-01-06 06:45:44.847: [INFO][SyncManagerImpl::ConfigureSyncer] Types to download: Passwords, Encryption Keys with reason: 5
2025-01-06 06:45:44.847: [INFO][SyncSchedulerImpl::DoConfigurationSyncCycleJob] Blocked types:  and types to download: Passwords, Encryption Keys
2025-01-06 06:45:45.483: [INFO][SyncEngineBackend::DoFinishConfigureDataTypes] Failed to download types:  and succeeded types: Passwords, Encryption Keys
2025-01-06 06:45:45.484: [INFO][Sync] ConfigurationDone, failed: , succeeded: Passwords, Encryption Keys, remaining count: 2
2025-01-06 06:45:45.485: [INFO][SyncManagerImpl::ConfigureSyncer] Types to download:  with reason: 5
2025-01-06 06:45:45.485: [INFO][SyncEngineBackend::DoFinishConfigureDataTypes] Failed to download types:  and succeeded types: 
2025-01-06 06:45:45.485: [INFO][Sync] ConfigurationDone, failed: , succeeded: , remaining count: 1
2025-01-06 06:45:45.486: [INFO][SyncManagerImpl::ConfigureSyncer] Types to download:  with reason: 5
2025-01-06 06:45:45.486: [INFO][SyncEngineBackend::DoFinishConfigureDataTypes] Failed to download types:  and succeeded types: 
2025-01-06 06:45:45.488: [INFO][Sync] ConfigurationDone, failed: , succeeded: , remaining count: 0
2025-01-06 06:45:45.489: [INFO][Sync]     Configuration completed, state: 7
2025-01-06 06:45:45.490: [INFO][Sync] Configured DataTypeManager: Ok
2025-01-06 06:45:45.492: [INFO][SyncEngineBackend::DoStartSyncing] Start syncing
2025-01-06 06:47:12.697: [INFO][Sync] Reset engine, reason: 0
2025-01-06 06:47:12.697: [INFO][Sync] Reset engine with reason: 0
2025-01-06 06:47:37.043: [INFO][Sync] SyncState after authenticated was: FeatureCanStart
2025-01-06 06:47:37.383: [INFO][Sync] Try to start sync engine
2025-01-06 06:47:37.384: [INFO][SyncManagerImpl::NudgeForInitialDownload] Initial download nudge for Encryption Keys
2025-01-06 06:47:37.384: [INFO][SyncEngineBackend::LoadAndConnectNigoriController] Load and connect Nigori controller
2025-01-06 06:47:37.384: [INFO][SyncEngineBackend::DoInitialize] Control Types added: Encryption Keys
2025-01-06 06:47:37.384: [INFO][SyncManagerImpl::ConfigureSyncer] Types to download: Encryption Keys with reason: 3
2025-01-06 06:47:37.384: [INFO][SyncSchedulerImpl::DoConfigurationSyncCycleJob] Configure job was blocked
2025-01-06 06:47:37.419: [INFO][SyncAuthManager::SetLastAuthError] Current auth error: None
2025-01-06 06:47:37.419: [INFO][SyncAuthManager::EdgeLogTokenErrorState] Token error with: None for account type: MSA
2025-01-06 06:47:37.419: [INFO][Sync] Credentials changed for: EdgeSyncScopeNew
2025-01-06 06:47:38.293: [INFO][SyncAuthManager::SetLastAuthError] Current auth error: None
2025-01-06 06:47:38.293: [INFO][SyncAuthManager::EdgeLogTokenErrorState] Token error with: None for account type: MSA
2025-01-06 06:47:38.293: [INFO][Sync] Credentials changed for: EdgeSyncKeyDataScope
2025-01-06 06:47:38.293: [INFO][SyncEngineBackend::DoUpdateKeyDataCredentials] Update key data credentials
2025-01-06 06:47:38.293: [INFO][SyncEngineBackend::DoUpdateCredentials] Update credentials
2025-01-06 06:47:38.293: [INFO][SyncSchedulerImpl::DoConfigurationSyncCycleJob] Blocked types:  and types to download: Encryption Keys
2025-01-06 06:47:39.865: [INFO][Sync] Started DataTypeManager configuration, reason: 4
2025-01-06 06:47:39.865: [INFO][Sync] Configuring for: Bookmarks, Preferences, Passwords, Autofill Profiles, Autofill, Typed URLs, Extensions, Sessions, Extension settings, History Delete Directives, Device Info, User Consents, Send Tab To Self, Web Apps, Collection, Edge E Drop, Edge Hub App Usage, Edge Tab Group, Edge Wallet, Encryption Keys, reason: 4, current state: 0
2025-01-06 06:47:39.866: [INFO][Sync] Configure, desired: Bookmarks, Preferences, Typed URLs, Extensions, Sessions, Extension settings, History Delete Directives, Device Info, User Consents, Send Tab To Self, Web Apps, Collection, Edge E Drop, Edge Hub App Usage, Edge Tab Group, Edge Wallet, Encryption Keys; Allow fail: Passwords, Autofill Profiles, Autofill
2025-01-06 06:47:39.866: [INFO][Sync] Loading: Bookmarks
2025-01-06 06:47:39.866: [INFO][Sync] Loading: Preferences
2025-01-06 06:47:39.866: [INFO][Sync] Loading: Typed URLs
2025-01-06 06:47:39.866: [INFO][Sync] Loading: Extensions
2025-01-06 06:47:39.866: [INFO][Sync] Loading: Sessions
2025-01-06 06:47:39.866: [INFO][Sync] Loading: Extension settings
2025-01-06 06:47:39.866: [INFO][Sync] Loading: History Delete Directives
2025-01-06 06:47:39.866: [INFO][Sync] Loading: Device Info
2025-01-06 06:47:39.866: [INFO][Sync] Loading: User Consents
2025-01-06 06:47:39.866: [INFO][Sync] Loading: Send Tab To Self
2025-01-06 06:47:39.866: [INFO][Sync] Loading: Web Apps
2025-01-06 06:47:39.866: [INFO][Sync] Loading: Collection
2025-01-06 06:47:39.866: [INFO][Sync] Loading: Edge E Drop
2025-01-06 06:47:39.866: [INFO][Sync] Loading: Edge Hub App Usage
2025-01-06 06:47:39.866: [INFO][Sync] Loading: Edge Tab Group
2025-01-06 06:47:39.866: [INFO][Sync] Loading: Edge Wallet
2025-01-06 06:47:39.868: [INFO][Sync] All data types are ready for configure.
2025-01-06 06:47:41.467: [INFO][SyncEngineBackend::DoStartConfiguration] Start configuration
2025-01-06 06:47:41.467: [INFO][SyncManagerImpl::ConfigureSyncer] Types to download:  with reason: 4
2025-01-06 06:47:41.467: [INFO][SyncEngineBackend::DoFinishConfigureDataTypes] Failed to download types:  and succeeded types: 
2025-01-06 06:47:41.468: [INFO][Sync] Started DataTypeManager configuration, reason: 5
2025-01-06 06:47:41.468: [INFO][Sync] Configuring for: Bookmarks, Preferences, Passwords, Autofill Profiles, Autofill, Typed URLs, Extensions, Sessions, Extension settings, History Delete Directives, Device Info, User Consents, Send Tab To Self, Web Apps, Collection, Edge E Drop, Edge Hub App Usage, Edge Tab Group, Edge Wallet, Encryption Keys, reason: 5, current state: 1
2025-01-06 06:47:41.468: [INFO][Sync] ConfigurationDone, failed: , succeeded: , remaining count: 3
2025-01-06 06:47:41.468: [WARN][Sync]     Reconfigure requested while configuration ongoing.
2025-01-06 06:47:41.468: [INFO][Sync] Configuring for: Bookmarks, Preferences, Passwords, Autofill Profiles, Autofill, Typed URLs, Extensions, Sessions, Extension settings, History Delete Directives, Device Info, User Consents, Send Tab To Self, Web Apps, Collection, Edge E Drop, Edge Hub App Usage, Edge Tab Group, Edge Wallet, Encryption Keys, reason: 5, current state: 2
2025-01-06 06:47:41.468: [INFO][Sync] Configure, desired: Bookmarks, Preferences, Passwords, Autofill Profiles, Autofill, Typed URLs, Extensions, Sessions, Extension settings, History Delete Directives, Device Info, User Consents, Send Tab To Self, Web Apps, Collection, Edge E Drop, Edge Hub App Usage, Edge Tab Group, Edge Wallet, Encryption Keys; Allow fail: 
2025-01-06 06:47:41.468: [INFO][Sync] Loading: Passwords
2025-01-06 06:47:41.468: [INFO][Sync] Loading: Autofill Profiles
2025-01-06 06:47:41.468: [INFO][Sync] Loading: Autofill
2025-01-06 06:47:41.469: [INFO][Sync] All data types are ready for configure.
2025-01-06 06:47:41.469: [INFO][SyncManagerImpl::NudgeForInitialDownload] Initial download nudge for Passwords
2025-01-06 06:47:41.469: [INFO][SyncManagerImpl::ConfigureSyncer] Types to download:  with reason: 5
2025-01-06 06:47:41.469: [INFO][SyncEngineBackend::DoFinishConfigureDataTypes] Failed to download types:  and succeeded types: 
2025-01-06 06:47:41.469: [INFO][Sync] ConfigurationDone, failed: , succeeded: , remaining count: 3
2025-01-06 06:47:41.469: [INFO][Sync] Prepare to configure types: Passwords, Encryption Keys
2025-01-06 06:47:41.469: [INFO][SyncManagerImpl::ConfigureSyncer] Types to download: Passwords, Encryption Keys with reason: 5
2025-01-06 06:47:41.469: [INFO][SyncSchedulerImpl::DoConfigurationSyncCycleJob] Blocked types:  and types to download: Passwords, Encryption Keys
2025-01-06 06:47:41.887: [INFO][SyncEngineBackend::DoFinishConfigureDataTypes] Failed to download types:  and succeeded types: Passwords, Encryption Keys
2025-01-06 06:47:41.889: [INFO][Sync] ConfigurationDone, failed: , succeeded: Passwords, Encryption Keys, remaining count: 2
2025-01-06 06:47:41.889: [INFO][SyncManagerImpl::ConfigureSyncer] Types to download:  with reason: 5
2025-01-06 06:47:41.889: [INFO][SyncEngineBackend::DoFinishConfigureDataTypes] Failed to download types:  and succeeded types: 
2025-01-06 06:47:41.889: [INFO][Sync] ConfigurationDone, failed: , succeeded: , remaining count: 1
2025-01-06 06:47:41.890: [INFO][SyncManagerImpl::ConfigureSyncer] Types to download:  with reason: 5
2025-01-06 06:47:41.890: [INFO][SyncEngineBackend::DoFinishConfigureDataTypes] Failed to download types:  and succeeded types: 
2025-01-06 06:47:41.890: [INFO][Sync] ConfigurationDone, failed: , succeeded: , remaining count: 0
2025-01-06 06:47:41.891: [INFO][Sync]     Configuration completed, state: 7
2025-01-06 06:47:41.891: [INFO][Sync] Configured DataTypeManager: Ok
2025-01-06 06:47:41.892: [INFO][SyncEngineBackend::DoStartSyncing] Start syncing
2025-01-06 06:47:47.814: [INFO][Sync] Reset engine, reason: 0
2025-01-06 06:47:47.814: [INFO][Sync] Reset engine with reason: 0
2025-01-06 06:51:41.914: [INFO][Sync] SyncState after authenticated was: FeatureCanStart
2025-01-06 06:51:42.254: [INFO][Sync] Try to start sync engine
2025-01-06 06:51:42.255: [INFO][SyncManagerImpl::NudgeForInitialDownload] Initial download nudge for Encryption Keys
2025-01-06 06:51:42.255: [INFO][SyncEngineBackend::LoadAndConnectNigoriController] Load and connect Nigori controller
2025-01-06 06:51:42.255: [INFO][SyncEngineBackend::DoInitialize] Control Types added: Encryption Keys
2025-01-06 06:51:42.255: [INFO][SyncManagerImpl::ConfigureSyncer] Types to download: Encryption Keys with reason: 3
2025-01-06 06:51:42.255: [INFO][SyncSchedulerImpl::DoConfigurationSyncCycleJob] Configure job was blocked
2025-01-06 06:51:42.290: [INFO][SyncAuthManager::SetLastAuthError] Current auth error: None
2025-01-06 06:51:42.290: [INFO][SyncAuthManager::EdgeLogTokenErrorState] Token error with: None for account type: MSA
2025-01-06 06:51:42.290: [INFO][Sync] Credentials changed for: EdgeSyncScopeNew
2025-01-06 06:51:43.491: [INFO][SyncAuthManager::SetLastAuthError] Current auth error: None
2025-01-06 06:51:43.491: [INFO][SyncAuthManager::EdgeLogTokenErrorState] Token error with: None for account type: MSA
2025-01-06 06:51:43.491: [INFO][Sync] Credentials changed for: EdgeSyncKeyDataScope
2025-01-06 06:51:43.491: [INFO][SyncEngineBackend::DoUpdateKeyDataCredentials] Update key data credentials
2025-01-06 06:51:43.491: [INFO][SyncEngineBackend::DoUpdateCredentials] Update credentials
2025-01-06 06:51:43.491: [INFO][SyncSchedulerImpl::DoConfigurationSyncCycleJob] Blocked types:  and types to download: Encryption Keys
2025-01-06 06:51:45.814: [INFO][Sync] Started DataTypeManager configuration, reason: 4
2025-01-06 06:51:45.814: [INFO][Sync] Configuring for: Bookmarks, Preferences, Passwords, Autofill Profiles, Autofill, Typed URLs, Extensions, Sessions, Extension settings, History Delete Directives, Device Info, User Consents, Send Tab To Self, Web Apps, Collection, Edge E Drop, Edge Hub App Usage, Edge Tab Group, Edge Wallet, Encryption Keys, reason: 4, current state: 0
2025-01-06 06:51:45.815: [INFO][Sync] Configure, desired: Bookmarks, Preferences, Typed URLs, Extensions, Sessions, Extension settings, History Delete Directives, Device Info, User Consents, Send Tab To Self, Web Apps, Collection, Edge E Drop, Edge Hub App Usage, Edge Tab Group, Edge Wallet, Encryption Keys; Allow fail: Passwords, Autofill Profiles, Autofill
2025-01-06 06:51:45.815: [INFO][Sync] Loading: Bookmarks
2025-01-06 06:51:45.815: [INFO][Sync] Loading: Preferences
2025-01-06 06:51:45.815: [INFO][Sync] Loading: Typed URLs
2025-01-06 06:51:45.815: [INFO][Sync] Loading: Extensions
2025-01-06 06:51:45.815: [INFO][Sync] Loading: Sessions
2025-01-06 06:51:45.815: [INFO][Sync] Loading: Extension settings
2025-01-06 06:51:45.815: [INFO][Sync] Loading: History Delete Directives
2025-01-06 06:51:45.815: [INFO][Sync] Loading: Device Info
2025-01-06 06:51:45.815: [INFO][Sync] Loading: User Consents
2025-01-06 06:51:45.815: [INFO][Sync] Loading: Send Tab To Self
2025-01-06 06:51:45.815: [INFO][Sync] Loading: Web Apps
2025-01-06 06:51:45.815: [INFO][Sync] Loading: Collection
2025-01-06 06:51:45.815: [INFO][Sync] Loading: Edge E Drop
2025-01-06 06:51:45.815: [INFO][Sync] Loading: Edge Hub App Usage
2025-01-06 06:51:45.815: [INFO][Sync] Loading: Edge Tab Group
2025-01-06 06:51:45.815: [INFO][Sync] Loading: Edge Wallet
2025-01-06 06:51:45.820: [INFO][Sync] All data types are ready for configure.
2025-01-06 06:51:46.563: [INFO][SyncEngineBackend::DoStartConfiguration] Start configuration
2025-01-06 06:51:46.563: [INFO][SyncManagerImpl::ConfigureSyncer] Types to download:  with reason: 4
2025-01-06 06:51:46.563: [INFO][SyncEngineBackend::DoFinishConfigureDataTypes] Failed to download types:  and succeeded types: 
2025-01-06 06:51:46.563: [INFO][Sync] Started DataTypeManager configuration, reason: 5
2025-01-06 06:51:46.563: [INFO][Sync] Configuring for: Bookmarks, Preferences, Passwords, Autofill Profiles, Autofill, Typed URLs, Extensions, Sessions, Extension settings, History Delete Directives, Device Info, User Consents, Send Tab To Self, Web Apps, Collection, Edge E Drop, Edge Hub App Usage, Edge Tab Group, Edge Wallet, Encryption Keys, reason: 5, current state: 1
2025-01-06 06:51:46.564: [INFO][Sync] ConfigurationDone, failed: , succeeded: , remaining count: 3
2025-01-06 06:51:46.564: [WARN][Sync]     Reconfigure requested while configuration ongoing.
2025-01-06 06:51:46.564: [INFO][Sync] Configuring for: Bookmarks, Preferences, Passwords, Autofill Profiles, Autofill, Typed URLs, Extensions, Sessions, Extension settings, History Delete Directives, Device Info, User Consents, Send Tab To Self, Web Apps, Collection, Edge E Drop, Edge Hub App Usage, Edge Tab Group, Edge Wallet, Encryption Keys, reason: 5, current state: 2
2025-01-06 06:51:46.564: [INFO][Sync] Configure, desired: Bookmarks, Preferences, Passwords, Autofill Profiles, Autofill, Typed URLs, Extensions, Sessions, Extension settings, History Delete Directives, Device Info, User Consents, Send Tab To Self, Web Apps, Collection, Edge E Drop, Edge Hub App Usage, Edge Tab Group, Edge Wallet, Encryption Keys; Allow fail: 
2025-01-06 06:51:46.564: [INFO][Sync] Loading: Passwords
2025-01-06 06:51:46.564: [INFO][Sync] Loading: Autofill Profiles
2025-01-06 06:51:46.564: [INFO][Sync] Loading: Autofill
2025-01-06 06:51:46.565: [INFO][Sync] All data types are ready for configure.
2025-01-06 06:51:46.565: [INFO][SyncManagerImpl::NudgeForInitialDownload] Initial download nudge for Passwords
2025-01-06 06:51:46.565: [INFO][SyncManagerImpl::ConfigureSyncer] Types to download:  with reason: 5
2025-01-06 06:51:46.565: [INFO][SyncEngineBackend::DoFinishConfigureDataTypes] Failed to download types:  and succeeded types: 
2025-01-06 06:51:46.565: [INFO][Sync] ConfigurationDone, failed: , succeeded: , remaining count: 3
2025-01-06 06:51:46.565: [INFO][Sync] Prepare to configure types: Passwords, Encryption Keys
2025-01-06 06:51:46.565: [INFO][SyncManagerImpl::ConfigureSyncer] Types to download: Passwords, Encryption Keys with reason: 5
2025-01-06 06:51:46.565: [INFO][SyncSchedulerImpl::DoConfigurationSyncCycleJob] Blocked types:  and types to download: Passwords, Encryption Keys
2025-01-06 06:51:46.922: [INFO][SyncEngineBackend::DoFinishConfigureDataTypes] Failed to download types:  and succeeded types: Passwords, Encryption Keys
2025-01-06 06:51:46.923: [INFO][Sync] ConfigurationDone, failed: , succeeded: Passwords, Encryption Keys, remaining count: 2
2025-01-06 06:51:46.923: [INFO][SyncManagerImpl::ConfigureSyncer] Types to download:  with reason: 5
2025-01-06 06:51:46.923: [INFO][SyncEngineBackend::DoFinishConfigureDataTypes] Failed to download types:  and succeeded types: 
2025-01-06 06:51:46.923: [INFO][Sync] ConfigurationDone, failed: , succeeded: , remaining count: 1
2025-01-06 06:51:46.924: [INFO][SyncManagerImpl::ConfigureSyncer] Types to download:  with reason: 5
2025-01-06 06:51:46.924: [INFO][SyncEngineBackend::DoFinishConfigureDataTypes] Failed to download types:  and succeeded types: 
2025-01-06 06:51:46.925: [INFO][Sync] ConfigurationDone, failed: , succeeded: , remaining count: 0
2025-01-06 06:51:46.926: [INFO][Sync]     Configuration completed, state: 7
2025-01-06 06:51:46.926: [INFO][Sync] Configured DataTypeManager: Ok
2025-01-06 06:51:46.927: [INFO][SyncEngineBackend::DoStartSyncing] Start syncing
2025-01-06 06:52:06.970: [INFO][Sync] Reset engine, reason: 0
2025-01-06 06:52:06.970: [INFO][Sync] Reset engine with reason: 0
2025-01-06 06:59:03.775: [INFO][Sync] SyncState after authenticated was: FeatureCanStart
2025-01-06 06:59:04.104: [INFO][Sync] Try to start sync engine
2025-01-06 06:59:04.105: [INFO][SyncManagerImpl::NudgeForInitialDownload] Initial download nudge for Encryption Keys
2025-01-06 06:59:04.105: [INFO][SyncEngineBackend::LoadAndConnectNigoriController] Load and connect Nigori controller
2025-01-06 06:59:04.105: [INFO][SyncEngineBackend::DoInitialize] Control Types added: Encryption Keys
2025-01-06 06:59:04.105: [INFO][SyncManagerImpl::ConfigureSyncer] Types to download: Encryption Keys with reason: 3
2025-01-06 06:59:04.105: [INFO][SyncSchedulerImpl::DoConfigurationSyncCycleJob] Configure job was blocked
2025-01-06 06:59:04.136: [INFO][SyncAuthManager::SetLastAuthError] Current auth error: None
2025-01-06 06:59:04.136: [INFO][SyncAuthManager::EdgeLogTokenErrorState] Token error with: None for account type: MSA
2025-01-06 06:59:04.136: [INFO][Sync] Credentials changed for: EdgeSyncScopeNew
2025-01-06 06:59:07.641: [INFO][SyncAuthManager::SetLastAuthError] Current auth error: None
2025-01-06 06:59:07.641: [INFO][SyncAuthManager::EdgeLogTokenErrorState] Token error with: None for account type: MSA
2025-01-06 06:59:07.641: [INFO][Sync] Credentials changed for: EdgeSyncKeyDataScope
2025-01-06 06:59:07.641: [INFO][SyncEngineBackend::DoUpdateKeyDataCredentials] Update key data credentials
2025-01-06 06:59:07.641: [INFO][SyncEngineBackend::DoUpdateCredentials] Update credentials
2025-01-06 06:59:07.641: [INFO][SyncSchedulerImpl::DoConfigurationSyncCycleJob] Blocked types:  and types to download: Encryption Keys
2025-01-06 06:59:08.654: [INFO][Sync] Started DataTypeManager configuration, reason: 4
2025-01-06 06:59:08.654: [INFO][Sync] Configuring for: Bookmarks, Preferences, Passwords, Autofill Profiles, Autofill, Typed URLs, Extensions, Sessions, Extension settings, History Delete Directives, Device Info, User Consents, Send Tab To Self, Web Apps, Collection, Edge E Drop, Edge Hub App Usage, Edge Tab Group, Edge Wallet, Encryption Keys, reason: 4, current state: 0
2025-01-06 06:59:08.655: [INFO][Sync] Configure, desired: Bookmarks, Preferences, Typed URLs, Extensions, Sessions, Extension settings, History Delete Directives, Device Info, User Consents, Send Tab To Self, Web Apps, Collection, Edge E Drop, Edge Hub App Usage, Edge Tab Group, Edge Wallet, Encryption Keys; Allow fail: Passwords, Autofill Profiles, Autofill
2025-01-06 06:59:08.655: [INFO][Sync] Loading: Bookmarks
2025-01-06 06:59:08.655: [INFO][Sync] Loading: Preferences
2025-01-06 06:59:08.655: [INFO][Sync] Loading: Typed URLs
2025-01-06 06:59:08.655: [INFO][Sync] Loading: Extensions
2025-01-06 06:59:08.655: [INFO][Sync] Loading: Sessions
2025-01-06 06:59:08.655: [INFO][Sync] Loading: Extension settings
2025-01-06 06:59:08.655: [INFO][Sync] Loading: History Delete Directives
2025-01-06 06:59:08.655: [INFO][Sync] Loading: Device Info
2025-01-06 06:59:08.655: [INFO][Sync] Loading: User Consents
2025-01-06 06:59:08.655: [INFO][Sync] Loading: Send Tab To Self
2025-01-06 06:59:08.655: [INFO][Sync] Loading: Web Apps
2025-01-06 06:59:08.655: [INFO][Sync] Loading: Collection
2025-01-06 06:59:08.655: [INFO][Sync] Loading: Edge E Drop
2025-01-06 06:59:08.655: [INFO][Sync] Loading: Edge Hub App Usage
2025-01-06 06:59:08.655: [INFO][Sync] Loading: Edge Tab Group
2025-01-06 06:59:08.655: [INFO][Sync] Loading: Edge Wallet
2025-01-06 06:59:08.659: [INFO][Sync] All data types are ready for configure.
2025-01-06 06:59:09.349: [INFO][SyncEngineBackend::DoStartConfiguration] Start configuration
2025-01-06 06:59:09.349: [INFO][SyncManagerImpl::ConfigureSyncer] Types to download:  with reason: 4
2025-01-06 06:59:09.349: [INFO][SyncEngineBackend::DoFinishConfigureDataTypes] Failed to download types:  and succeeded types: 
2025-01-06 06:59:09.349: [INFO][Sync] Started DataTypeManager configuration, reason: 5
2025-01-06 06:59:09.349: [INFO][Sync] Configuring for: Bookmarks, Preferences, Passwords, Autofill Profiles, Autofill, Typed URLs, Extensions, Sessions, Extension settings, History Delete Directives, Device Info, User Consents, Send Tab To Self, Web Apps, Collection, Edge E Drop, Edge Hub App Usage, Edge Tab Group, Edge Wallet, Encryption Keys, reason: 5, current state: 1
2025-01-06 06:59:09.350: [INFO][Sync] ConfigurationDone, failed: , succeeded: , remaining count: 3
2025-01-06 06:59:09.350: [WARN][Sync]     Reconfigure requested while configuration ongoing.
2025-01-06 06:59:09.350: [INFO][Sync] Configuring for: Bookmarks, Preferences, Passwords, Autofill Profiles, Autofill, Typed URLs, Extensions, Sessions, Extension settings, History Delete Directives, Device Info, User Consents, Send Tab To Self, Web Apps, Collection, Edge E Drop, Edge Hub App Usage, Edge Tab Group, Edge Wallet, Encryption Keys, reason: 5, current state: 2
2025-01-06 06:59:09.350: [INFO][Sync] Configure, desired: Bookmarks, Preferences, Passwords, Autofill Profiles, Autofill, Typed URLs, Extensions, Sessions, Extension settings, History Delete Directives, Device Info, User Consents, Send Tab To Self, Web Apps, Collection, Edge E Drop, Edge Hub App Usage, Edge Tab Group, Edge Wallet, Encryption Keys; Allow fail: 
2025-01-06 06:59:09.350: [INFO][Sync] Loading: Passwords
2025-01-06 06:59:09.350: [INFO][Sync] Loading: Autofill Profiles
2025-01-06 06:59:09.350: [INFO][Sync] Loading: Autofill
2025-01-06 06:59:09.350: [INFO][Sync] All data types are ready for configure.
2025-01-06 06:59:09.350: [INFO][SyncManagerImpl::NudgeForInitialDownload] Initial download nudge for Passwords
2025-01-06 06:59:09.350: [INFO][SyncManagerImpl::ConfigureSyncer] Types to download:  with reason: 5
2025-01-06 06:59:09.350: [INFO][SyncEngineBackend::DoFinishConfigureDataTypes] Failed to download types:  and succeeded types: 
2025-01-06 06:59:09.351: [INFO][Sync] ConfigurationDone, failed: , succeeded: , remaining count: 3
2025-01-06 06:59:09.351: [INFO][Sync] Prepare to configure types: Passwords, Encryption Keys
2025-01-06 06:59:09.351: [INFO][SyncManagerImpl::ConfigureSyncer] Types to download: Passwords, Encryption Keys with reason: 5
2025-01-06 06:59:09.351: [INFO][SyncSchedulerImpl::DoConfigurationSyncCycleJob] Blocked types:  and types to download: Passwords, Encryption Keys
2025-01-06 06:59:09.892: [INFO][SyncEngineBackend::DoFinishConfigureDataTypes] Failed to download types:  and succeeded types: Passwords, Encryption Keys
2025-01-06 06:59:09.892: [INFO][Sync] ConfigurationDone, failed: , succeeded: Passwords, Encryption Keys, remaining count: 2
2025-01-06 06:59:09.892: [INFO][SyncManagerImpl::ConfigureSyncer] Types to download:  with reason: 5
2025-01-06 06:59:09.892: [INFO][SyncEngineBackend::DoFinishConfigureDataTypes] Failed to download types:  and succeeded types: 
2025-01-06 06:59:09.894: [INFO][Sync] ConfigurationDone, failed: , succeeded: , remaining count: 1
2025-01-06 06:59:09.895: [INFO][SyncManagerImpl::ConfigureSyncer] Types to download:  with reason: 5
2025-01-06 06:59:09.896: [INFO][SyncEngineBackend::DoFinishConfigureDataTypes] Failed to download types:  and succeeded types: 
2025-01-06 06:59:09.896: [INFO][Sync] ConfigurationDone, failed: , succeeded: , remaining count: 0
2025-01-06 06:59:09.897: [INFO][Sync]     Configuration completed, state: 7
2025-01-06 06:59:09.897: [INFO][Sync] Configured DataTypeManager: Ok
2025-01-06 06:59:09.898: [INFO][SyncEngineBackend::DoStartSyncing] Start syncing
2025-01-06 06:59:32.603: [INFO][Sync] Reset engine, reason: 0
2025-01-06 06:59:32.603: [INFO][Sync] Reset engine with reason: 0
2025-01-06 07:00:02.374: [INFO][Sync] SyncState after authenticated was: FeatureCanStart
2025-01-06 07:00:02.741: [INFO][Sync] Try to start sync engine
2025-01-06 07:00:02.742: [INFO][SyncManagerImpl::NudgeForInitialDownload] Initial download nudge for Encryption Keys
2025-01-06 07:00:02.742: [INFO][SyncEngineBackend::LoadAndConnectNigoriController] Load and connect Nigori controller
2025-01-06 07:00:02.742: [INFO][SyncEngineBackend::DoInitialize] Control Types added: Encryption Keys
2025-01-06 07:00:02.742: [INFO][SyncManagerImpl::ConfigureSyncer] Types to download: Encryption Keys with reason: 3
2025-01-06 07:00:02.742: [INFO][SyncSchedulerImpl::DoConfigurationSyncCycleJob] Configure job was blocked
2025-01-06 07:00:02.776: [INFO][SyncAuthManager::SetLastAuthError] Current auth error: None
2025-01-06 07:00:02.776: [INFO][SyncAuthManager::EdgeLogTokenErrorState] Token error with: None for account type: MSA
2025-01-06 07:00:02.776: [INFO][Sync] Credentials changed for: EdgeSyncScopeNew
2025-01-06 07:00:03.320: [INFO][SyncAuthManager::SetLastAuthError] Current auth error: None
2025-01-06 07:00:03.320: [INFO][SyncAuthManager::EdgeLogTokenErrorState] Token error with: None for account type: MSA
2025-01-06 07:00:03.321: [INFO][Sync] Credentials changed for: EdgeSyncKeyDataScope
2025-01-06 07:00:03.321: [INFO][SyncEngineBackend::DoUpdateKeyDataCredentials] Update key data credentials
2025-01-06 07:00:03.321: [INFO][SyncEngineBackend::DoUpdateCredentials] Update credentials
2025-01-06 07:00:03.321: [INFO][SyncSchedulerImpl::DoConfigurationSyncCycleJob] Blocked types:  and types to download: Encryption Keys
2025-01-06 07:00:04.056: [INFO][Sync] Started DataTypeManager configuration, reason: 4
2025-01-06 07:00:04.056: [INFO][Sync] Configuring for: Bookmarks, Preferences, Passwords, Autofill Profiles, Autofill, Typed URLs, Extensions, Sessions, Extension settings, History Delete Directives, Device Info, User Consents, Send Tab To Self, Web Apps, Collection, Edge E Drop, Edge Hub App Usage, Edge Tab Group, Edge Wallet, Encryption Keys, reason: 4, current state: 0
2025-01-06 07:00:04.057: [INFO][Sync] Configure, desired: Bookmarks, Preferences, Typed URLs, Extensions, Sessions, Extension settings, History Delete Directives, Device Info, User Consents, Send Tab To Self, Web Apps, Collection, Edge E Drop, Edge Hub App Usage, Edge Tab Group, Edge Wallet, Encryption Keys; Allow fail: Passwords, Autofill Profiles, Autofill
2025-01-06 07:00:04.057: [INFO][Sync] Loading: Bookmarks
2025-01-06 07:00:04.057: [INFO][Sync] Loading: Preferences
2025-01-06 07:00:04.057: [INFO][Sync] Loading: Typed URLs
2025-01-06 07:00:04.058: [INFO][Sync] Loading: Extensions
2025-01-06 07:00:04.058: [INFO][Sync] Loading: Sessions
2025-01-06 07:00:04.058: [INFO][Sync] Loading: Extension settings
2025-01-06 07:00:04.058: [INFO][Sync] Loading: History Delete Directives
2025-01-06 07:00:04.058: [INFO][Sync] Loading: Device Info
2025-01-06 07:00:04.058: [INFO][Sync] Loading: User Consents
2025-01-06 07:00:04.058: [INFO][Sync] Loading: Send Tab To Self
2025-01-06 07:00:04.058: [INFO][Sync] Loading: Web Apps
2025-01-06 07:00:04.058: [INFO][Sync] Loading: Collection
2025-01-06 07:00:04.058: [INFO][Sync] Loading: Edge E Drop
2025-01-06 07:00:04.058: [INFO][Sync] Loading: Edge Hub App Usage
2025-01-06 07:00:04.058: [INFO][Sync] Loading: Edge Tab Group
2025-01-06 07:00:04.058: [INFO][Sync] Loading: Edge Wallet
2025-01-06 07:00:04.060: [INFO][Sync] All data types are ready for configure.
2025-01-06 07:00:05.811: [INFO][SyncEngineBackend::DoStartConfiguration] Start configuration
2025-01-06 07:00:05.811: [INFO][SyncManagerImpl::ConfigureSyncer] Types to download:  with reason: 4
2025-01-06 07:00:05.811: [INFO][SyncEngineBackend::DoFinishConfigureDataTypes] Failed to download types:  and succeeded types: 
2025-01-06 07:00:05.811: [INFO][Sync] Started DataTypeManager configuration, reason: 5
2025-01-06 07:00:05.811: [INFO][Sync] Configuring for: Bookmarks, Preferences, Passwords, Autofill Profiles, Autofill, Typed URLs, Extensions, Sessions, Extension settings, History Delete Directives, Device Info, User Consents, Send Tab To Self, Web Apps, Collection, Edge E Drop, Edge Hub App Usage, Edge Tab Group, Edge Wallet, Encryption Keys, reason: 5, current state: 1
2025-01-06 07:00:05.812: [INFO][Sync] ConfigurationDone, failed: , succeeded: , remaining count: 3
2025-01-06 07:00:05.812: [WARN][Sync]     Reconfigure requested while configuration ongoing.
2025-01-06 07:00:05.812: [INFO][Sync] Configuring for: Bookmarks, Preferences, Passwords, Autofill Profiles, Autofill, Typed URLs, Extensions, Sessions, Extension settings, History Delete Directives, Device Info, User Consents, Send Tab To Self, Web Apps, Collection, Edge E Drop, Edge Hub App Usage, Edge Tab Group, Edge Wallet, Encryption Keys, reason: 5, current state: 2
2025-01-06 07:00:05.812: [INFO][Sync] Configure, desired: Bookmarks, Preferences, Passwords, Autofill Profiles, Autofill, Typed URLs, Extensions, Sessions, Extension settings, History Delete Directives, Device Info, User Consents, Send Tab To Self, Web Apps, Collection, Edge E Drop, Edge Hub App Usage, Edge Tab Group, Edge Wallet, Encryption Keys; Allow fail: 
2025-01-06 07:00:05.812: [INFO][Sync] Loading: Passwords
2025-01-06 07:00:05.812: [INFO][Sync] Loading: Autofill Profiles
2025-01-06 07:00:05.812: [INFO][Sync] Loading: Autofill
2025-01-06 07:00:05.812: [INFO][Sync] All data types are ready for configure.
2025-01-06 07:00:05.812: [INFO][SyncManagerImpl::NudgeForInitialDownload] Initial download nudge for Passwords
2025-01-06 07:00:05.812: [INFO][SyncManagerImpl::ConfigureSyncer] Types to download:  with reason: 5
2025-01-06 07:00:05.812: [INFO][SyncEngineBackend::DoFinishConfigureDataTypes] Failed to download types:  and succeeded types: 
2025-01-06 07:00:05.812: [INFO][Sync] ConfigurationDone, failed: , succeeded: , remaining count: 3
2025-01-06 07:00:05.812: [INFO][Sync] Prepare to configure types: Passwords, Encryption Keys
2025-01-06 07:00:05.812: [INFO][SyncManagerImpl::ConfigureSyncer] Types to download: Passwords, Encryption Keys with reason: 5
2025-01-06 07:00:05.812: [INFO][SyncSchedulerImpl::DoConfigurationSyncCycleJob] Blocked types:  and types to download: Passwords, Encryption Keys
2025-01-06 07:00:06.604: [INFO][SyncEngineBackend::DoFinishConfigureDataTypes] Failed to download types:  and succeeded types: Passwords, Encryption Keys
2025-01-06 07:00:06.605: [INFO][Sync] ConfigurationDone, failed: , succeeded: Passwords, Encryption Keys, remaining count: 2
2025-01-06 07:00:06.605: [INFO][SyncManagerImpl::ConfigureSyncer] Types to download:  with reason: 5
2025-01-06 07:00:06.605: [INFO][SyncEngineBackend::DoFinishConfigureDataTypes] Failed to download types:  and succeeded types: 
2025-01-06 07:00:06.606: [INFO][Sync] ConfigurationDone, failed: , succeeded: , remaining count: 1
2025-01-06 07:00:06.607: [INFO][SyncManagerImpl::ConfigureSyncer] Types to download:  with reason: 5
2025-01-06 07:00:06.607: [INFO][SyncEngineBackend::DoFinishConfigureDataTypes] Failed to download types:  and succeeded types: 
2025-01-06 07:00:06.608: [INFO][Sync] ConfigurationDone, failed: , succeeded: , remaining count: 0
2025-01-06 07:00:06.608: [INFO][Sync]     Configuration completed, state: 7
2025-01-06 07:00:06.609: [INFO][Sync] Configured DataTypeManager: Ok
2025-01-06 07:00:06.609: [INFO][SyncEngineBackend::DoStartSyncing] Start syncing
2025-01-06 07:00:10.933: [INFO][Sync] Reset engine, reason: 0
2025-01-06 07:00:10.933: [INFO][Sync] Reset engine with reason: 0
